0 verbose cli /data/data/com.termux/files/usr/bin/node /data/data/com.termux/files/usr/bin/npm
1 info using npm@11.16.0
2 info using node@v26.2.0
3 silly config load:file:/data/data/com.termux/files/usr/lib/node_modules/npm/npmrc
4 silly config load:file:/data/data/com.termux/files/home/semana9/.npmrc
5 silly config load:file:/data/data/com.termux/files/home/.npmrc
6 silly config load:file:/data/data/com.termux/files/usr/etc/npmrc
7 verbose title npm install express
8 verbose argv "install" "express"
9 verbose logfile logs-max:10 dir:/data/data/com.termux/files/home/.npm/_logs/2026-06-14T17_57_20_249Z-
10 verbose logfile /data/data/com.termux/files/home/.npm/_logs/2026-06-14T17_57_20_249Z-debug-0.log
11 silly logfile done cleaning log files
12 silly packumentCache heap:1091043328 maxSize:272760832 maxEntrySize:136380416
13 silly idealTree buildDeps
14 silly fetch manifest express@*
15 silly packumentCache full:https://registry.npmjs.org/express cache-miss
16 http fetch GET 200 https://registry.npmjs.org/express 764ms (cache revalidated)
17 silly packumentCache full:https://registry.npmjs.org/express set size:804947 disposed:false
18 silly placeDep ROOT express@5.2.1 OK for: semana9@1.0.0 want: *
19 silly fetch manifest qs@^6.14.0
20 silly packumentCache full:https://registry.npmjs.org/qs cache-miss
21 silly fetch manifest depd@^2.0.0
22 silly packumentCache full:https://registry.npmjs.org/depd cache-miss
23 silly fetch manifest etag@^1.8.1
24 silly packumentCache full:https://registry.npmjs.org/etag cache-miss
25 silly fetch manifest once@^1.4.0
26 silly packumentCache full:https://registry.npmjs.org/once cache-miss
27 silly fetch manifest send@^1.1.0
28 silly packumentCache full:https://registry.npmjs.org/send cache-miss
29 silly fetch manifest vary@^1.1.2
30 silly packumentCache full:https://registry.npmjs.org/vary cache-miss
31 silly fetch manifest debug@^4.4.0
32 silly packumentCache full:https://registry.npmjs.org/debug cache-miss
33 http fetch GET 200 https://registry.npmjs.org/once 261ms (cache revalidated)
34 silly packumentCache full:https://registry.npmjs.org/once set size:11752 disposed:false
35 silly fetch manifest fresh@^2.0.0
36 silly packumentCache full:https://registry.npmjs.org/fresh cache-miss
37 http fetch GET 200 https://registry.npmjs.org/fresh 198ms (cache revalidated)
38 silly packumentCache full:https://registry.npmjs.org/fresh set size:25427 disposed:false
39 silly fetch manifest cookie@^0.7.1
40 silly packumentCache full:https://registry.npmjs.org/cookie cache-miss
41 http fetch GET 200 https://registry.npmjs.org/etag 527ms (cache revalidated)
42 silly packumentCache full:https://registry.npmjs.org/etag set size:30032 disposed:false
43 silly fetch manifest router@^2.2.0
44 silly packumentCache full:https://registry.npmjs.org/router cache-miss
45 http fetch GET 200 https://registry.npmjs.org/depd 558ms (cache revalidated)
46 silly packumentCache full:https://registry.npmjs.org/depd set size:40182 disposed:false
47 silly fetch manifest accepts@^2.0.0
48 silly packumentCache full:https://registry.npmjs.org/accepts cache-miss
49 http fetch GET 200 https://registry.npmjs.org/debug 578ms (cache revalidated)
50 silly packumentCache full:https://registry.npmjs.org/debug set size:195840 disposed:false
51 silly fetch manifest type-is@^2.0.1
52 silly packumentCache full:https://registry.npmjs.org/type-is cache-miss
53 http fetch GET 200 https://registry.npmjs.org/send 632ms (cache revalidated)
54 silly packumentCache full:https://registry.npmjs.org/send set size:152810 disposed:false
55 silly fetch manifest parseurl@^1.3.3
56 silly packumentCache full:https://registry.npmjs.org/parseurl cache-miss
57 http fetch GET 200 https://registry.npmjs.org/vary 698ms (cache revalidated)
58 silly packumentCache full:https://registry.npmjs.org/vary set size:15994 disposed:false
59 silly fetch manifest statuses@^2.0.1
60 silly packumentCache full:https://registry.npmjs.org/statuses cache-miss
61 http fetch GET 200 https://registry.npmjs.org/qs 857ms (cache revalidated)
62 silly packumentCache full:https://registry.npmjs.org/qs set size:356906 disposed:false
63 silly fetch manifest encodeurl@^2.0.0
64 silly packumentCache full:https://registry.npmjs.org/encodeurl cache-miss
65 http fetch GET 200 https://registry.npmjs.org/cookie 431ms (cache revalidated)
66 silly packumentCache full:https://registry.npmjs.org/cookie set size:72891 disposed:false
67 silly fetch manifest mime-types@^3.0.0
68 silly packumentCache full:https://registry.npmjs.org/mime-types cache-miss
69 http fetch GET 200 https://registry.npmjs.org/parseurl 299ms (cache revalidated)
70 silly packumentCache full:https://registry.npmjs.org/parseurl set size:24148 disposed:false
71 silly fetch manifest proxy-addr@^2.0.7
72 silly packumentCache full:https://registry.npmjs.org/proxy-addr cache-miss
73 http fetch GET 200 https://registry.npmjs.org/router 447ms (cache revalidated)
74 silly packumentCache full:https://registry.npmjs.org/router set size:116499 disposed:false
75 silly fetch manifest body-parser@^2.2.1
76 silly packumentCache full:https://registry.npmjs.org/body-parser cache-miss
77 http fetch GET 200 https://registry.npmjs.org/type-is 377ms (cache revalidated)
78 silly packumentCache full:https://registry.npmjs.org/type-is set size:88614 disposed:false
79 silly fetch manifest escape-html@^1.0.3
80 silly packumentCache full:https://registry.npmjs.org/escape-html cache-miss
81 http fetch GET 200 https://registry.npmjs.org/accepts 471ms (cache revalidated)
82 silly packumentCache full:https://registry.npmjs.org/accepts set size:77054 disposed:false
83 silly fetch manifest http-errors@^2.0.0
84 silly packumentCache full:https://registry.npmjs.org/http-errors cache-miss
85 http fetch GET 200 https://registry.npmjs.org/statuses 334ms (cache revalidated)
86 silly packumentCache full:https://registry.npmjs.org/statuses set size:37117 disposed:false
87 silly fetch manifest on-finished@^2.4.1
88 silly packumentCache full:https://registry.npmjs.org/on-finished cache-miss
89 http fetch GET 200 https://registry.npmjs.org/encodeurl 310ms (cache revalidated)
90 silly packumentCache full:https://registry.npmjs.org/encodeurl set size:12296 disposed:false
91 silly fetch manifest content-type@^1.0.5
92 silly packumentCache full:https://registry.npmjs.org/content-type cache-miss
93 http fetch GET 200 https://registry.npmjs.org/mime-types 263ms (cache revalidated)
94 silly packumentCache full:https://registry.npmjs.org/mime-types set size:139110 disposed:false
95 silly fetch manifest finalhandler@^2.1.0
96 silly packumentCache full:https://registry.npmjs.org/finalhandler cache-miss
97 http fetch GET 200 https://registry.npmjs.org/escape-html 236ms (cache revalidated)
98 silly packumentCache full:https://registry.npmjs.org/escape-html set size:7345 disposed:false
99 silly fetch manifest range-parser@^1.2.1
100 silly packumentCache full:https://registry.npmjs.org/range-parser cache-miss
101 http fetch GET 200 https://registry.npmjs.org/proxy-addr 320ms (cache revalidated)
102 silly packumentCache full:https://registry.npmjs.org/proxy-addr set size:61619 disposed:false
103 silly fetch manifest serve-static@^2.2.0
104 silly packumentCache full:https://registry.npmjs.org/serve-static cache-miss
105 http fetch GET 200 https://registry.npmjs.org/body-parser 352ms (cache revalidated)
106 silly packumentCache full:https://registry.npmjs.org/body-parser set size:199299 disposed:false
107 silly fetch manifest cookie-signature@^1.2.1
108 silly packumentCache full:https://registry.npmjs.org/cookie-signature cache-miss
109 http fetch GET 200 https://registry.npmjs.org/http-errors 344ms (cache revalidated)
110 silly packumentCache full:https://registry.npmjs.org/http-errors set size:71987 disposed:false
111 silly fetch manifest merge-descriptors@^2.0.0
112 silly packumentCache full:https://registry.npmjs.org/merge-descriptors cache-miss
113 http fetch GET 200 https://registry.npmjs.org/on-finished 344ms (cache revalidated)
114 silly packumentCache full:https://registry.npmjs.org/on-finished set size:23212 disposed:false
115 silly fetch manifest content-disposition@^1.0.0
116 silly packumentCache full:https://registry.npmjs.org/content-disposition cache-miss
117 http fetch GET 200 https://registry.npmjs.org/content-type 280ms (cache revalidated)
118 silly packumentCache full:https://registry.npmjs.org/content-type set size:18994 disposed:false
119 http fetch GET 200 https://registry.npmjs.org/finalhandler 273ms (cache revalidated)
120 silly packumentCache full:https://registry.npmjs.org/finalhandler set size:79291 disposed:false
121 http fetch GET 200 https://registry.npmjs.org/range-parser 295ms (cache revalidated)
122 silly packumentCache full:https://registry.npmjs.org/range-parser set size:22228 disposed:false
123 http fetch GET 200 https://registry.npmjs.org/serve-static 270ms (cache revalidated)
124 silly packumentCache full:https://registry.npmjs.org/serve-static set size:150391 disposed:false
125 http fetch GET 200 https://registry.npmjs.org/cookie-signature 246ms (cache revalidated)
126 silly packumentCache full:https://registry.npmjs.org/cookie-signature set size:21777 disposed:false
127 http fetch GET 200 https://registry.npmjs.org/content-disposition 226ms (cache revalidated)
128 silly packumentCache full:https://registry.npmjs.org/content-disposition set size:42862 disposed:false
129 http fetch GET 200 https://registry.npmjs.org/merge-descriptors 251ms (cache revalidated)
130 silly packumentCache full:https://registry.npmjs.org/merge-descriptors set size:16527 disposed:false
131 silly placeDep ROOT accepts@2.0.0 OK for: express@5.2.1 want: ^2.0.0
132 silly placeDep ROOT body-parser@2.2.2 OK for: express@5.2.1 want: ^2.2.1
133 silly placeDep ROOT content-disposition@1.1.0 OK for: express@5.2.1 want: ^1.0.0
134 silly placeDep ROOT content-type@1.0.5 OK for: express@5.2.1 want: ^1.0.5
135 silly placeDep ROOT cookie@0.7.2 OK for: express@5.2.1 want: ^0.7.1
136 silly placeDep ROOT cookie-signature@1.2.2 OK for: express@5.2.1 want: ^1.2.1
137 silly placeDep ROOT debug@4.4.3 OK for: express@5.2.1 want: ^4.4.0
138 silly placeDep ROOT depd@2.0.0 OK for: express@5.2.1 want: ^2.0.0
139 silly placeDep ROOT encodeurl@2.0.0 OK for: express@5.2.1 want: ^2.0.0
140 silly placeDep ROOT escape-html@1.0.3 OK for: express@5.2.1 want: ^1.0.3
141 silly placeDep ROOT etag@1.8.1 OK for: express@5.2.1 want: ^1.8.1
142 silly placeDep ROOT finalhandler@2.1.1 OK for: express@5.2.1 want: ^2.1.0
143 silly placeDep ROOT fresh@2.0.0 OK for: express@5.2.1 want: ^2.0.0
144 silly placeDep ROOT http-errors@2.0.1 OK for: express@5.2.1 want: ^2.0.0
145 silly placeDep ROOT merge-descriptors@2.0.0 OK for: express@5.2.1 want: ^2.0.0
146 silly placeDep ROOT mime-types@3.0.2 OK for: express@5.2.1 want: ^3.0.0
147 silly placeDep ROOT on-finished@2.4.1 OK for: express@5.2.1 want: ^2.4.1
148 silly placeDep ROOT once@1.4.0 OK for: express@5.2.1 want: ^1.4.0
149 silly placeDep ROOT parseurl@1.3.3 OK for: express@5.2.1 want: ^1.3.3
150 silly placeDep ROOT proxy-addr@2.0.7 OK for: express@5.2.1 want: ^2.0.7
151 silly placeDep ROOT qs@6.15.2 OK for: express@5.2.1 want: ^6.14.0
152 silly placeDep ROOT range-parser@1.2.1 OK for: express@5.2.1 want: ^1.2.1
153 silly placeDep ROOT router@2.2.0 OK for: express@5.2.1 want: ^2.2.0
154 silly placeDep ROOT send@1.2.1 OK for: express@5.2.1 want: ^1.1.0
155 silly placeDep ROOT serve-static@2.2.1 OK for: express@5.2.1 want: ^2.2.0
156 silly placeDep ROOT statuses@2.0.2 OK for: express@5.2.1 want: ^2.0.1
157 silly placeDep ROOT type-is@2.1.0 OK for: express@5.2.1 want: ^2.0.1
158 silly placeDep ROOT vary@1.1.2 OK for: express@5.2.1 want: ^1.1.2
159 silly fetch manifest negotiator@^1.0.0
160 silly packumentCache full:https://registry.npmjs.org/negotiator cache-miss
161 silly fetch manifest qs@^6.14.1
162 silly packumentCache full:https://registry.npmjs.org/qs cache-hit
163 silly fetch manifest bytes@^3.1.2
164 silly packumentCache full:https://registry.npmjs.org/bytes cache-miss
165 silly fetch manifest debug@^4.4.3
166 silly packumentCache full:https://registry.npmjs.org/debug cache-hit
167 silly fetch manifest raw-body@^3.0.1
168 silly packumentCache full:https://registry.npmjs.org/raw-body cache-miss
169 silly fetch manifest iconv-lite@^0.7.0
170 silly packumentCache full:https://registry.npmjs.org/iconv-lite cache-miss
171 silly fetch manifest ms@^2.1.3
172 silly packumentCache full:https://registry.npmjs.org/ms cache-miss
173 silly fetch manifest inherits@~2.0.4
174 silly packumentCache full:https://registry.npmjs.org/inherits cache-miss
175 silly fetch manifest setprototypeof@~1.2.0
176 silly packumentCache full:https://registry.npmjs.org/setprototypeof cache-miss
177 http fetch GET 200 https://registry.npmjs.org/negotiator 235ms (cache revalidated)
178 silly packumentCache full:https://registry.npmjs.org/negotiator set size:48046 disposed:false
179 silly fetch manifest statuses@~2.0.2
180 silly packumentCache full:https://registry.npmjs.org/statuses cache-hit
181 silly fetch manifest toidentifier@~1.0.1
182 silly packumentCache full:https://registry.npmjs.org/toidentifier cache-miss
183 http fetch GET 200 https://registry.npmjs.org/bytes 246ms (cache revalidated)
184 silly packumentCache full:https://registry.npmjs.org/bytes set size:37018 disposed:false
185 silly fetch manifest mime-db@^1.54.0
186 silly packumentCache full:https://registry.npmjs.org/mime-db cache-miss
187 http fetch GET 200 https://registry.npmjs.org/raw-body 256ms (cache revalidated)
188 silly packumentCache full:https://registry.npmjs.org/raw-body set size:117822 disposed:false
189 silly fetch manifest ee-first@1.1.1
190 silly packumentCache full:https://registry.npmjs.org/ee-first cache-miss
191 http fetch GET 200 https://registry.npmjs.org/iconv-lite 268ms (cache revalidated)
192 silly packumentCache full:https://registry.npmjs.org/iconv-lite set size:120557 disposed:false
193 silly fetch manifest wrappy@1
194 silly packumentCache full:https://registry.npmjs.org/wrappy cache-miss
195 http fetch GET 200 https://registry.npmjs.org/ms 315ms (cache revalidated)
196 silly packumentCache full:https://registry.npmjs.org/ms set size:92208 disposed:false
197 silly fetch manifest forwarded@0.2.0
198 silly packumentCache full:https://registry.npmjs.org/forwarded cache-miss
199 http fetch GET 200 https://registry.npmjs.org/setprototypeof 331ms (cache revalidated)
200 silly packumentCache full:https://registry.npmjs.org/setprototypeof set size:14532 disposed:false
201 silly fetch manifest ipaddr.js@1.9.1
202 silly packumentCache full:https://registry.npmjs.org/ipaddr.js cache-miss
203 http fetch GET 200 https://registry.npmjs.org/inherits 354ms (cache revalidated)
204 silly packumentCache full:https://registry.npmjs.org/inherits set size:12925 disposed:false
205 silly fetch manifest side-channel@^1.1.0
206 silly packumentCache full:https://registry.npmjs.org/side-channel cache-miss
207 http fetch GET 200 https://registry.npmjs.org/toidentifier 286ms (cache revalidated)
208 silly packumentCache full:https://registry.npmjs.org/toidentifier set size:12006 disposed:false
209 silly fetch manifest is-promise@^4.0.0
210 silly packumentCache full:https://registry.npmjs.org/is-promise cache-miss
211 http fetch GET 200 https://registry.npmjs.org/ee-first 260ms (cache revalidated)
212 silly packumentCache full:https://registry.npmjs.org/ee-first set size:15327 disposed:false
213 silly fetch manifest path-to-regexp@^8.0.0
214 silly packumentCache full:https://registry.npmjs.org/path-to-regexp cache-miss
215 http fetch GET 200 https://registry.npmjs.org/wrappy 253ms (cache revalidated)
216 silly packumentCache full:https://registry.npmjs.org/wrappy set size:7682 disposed:false
217 silly fetch manifest statuses@^2.0.2
218 silly packumentCache full:https://registry.npmjs.org/statuses cache-hit
219 silly fetch manifest content-type@^2.0.0
220 silly packumentCache full:https://registry.npmjs.org/content-type cache-hit
221 silly fetch manifest media-typer@^1.1.0
222 silly packumentCache full:https://registry.npmjs.org/media-typer cache-miss
223 http fetch GET 200 https://registry.npmjs.org/mime-db 342ms (cache revalidated)
224 silly packumentCache full:https://registry.npmjs.org/mime-db set size:164953 disposed:false
225 http fetch GET 200 https://registry.npmjs.org/forwarded 261ms (cache revalidated)
226 silly packumentCache full:https://registry.npmjs.org/forwarded set size:11229 disposed:false
227 http fetch GET 200 https://registry.npmjs.org/ipaddr.js 260ms (cache revalidated)
228 silly packumentCache full:https://registry.npmjs.org/ipaddr.js set size:69563 disposed:false
229 http fetch GET 200 https://registry.npmjs.org/side-channel 265ms (cache revalidated)
230 silly packumentCache full:https://registry.npmjs.org/side-channel set size:27650 disposed:false
231 http fetch GET 200 https://registry.npmjs.org/is-promise 195ms (cache revalidated)
232 silly packumentCache full:https://registry.npmjs.org/is-promise set size:18599 disposed:false
233 http fetch GET 200 https://registry.npmjs.org/media-typer 192ms (cache revalidated)
234 silly packumentCache full:https://registry.npmjs.org/media-typer set size:22678 disposed:false
235 http fetch GET 200 https://registry.npmjs.org/path-to-regexp 234ms (cache revalidated)
236 silly packumentCache full:https://registry.npmjs.org/path-to-regexp set size:216334 disposed:false
237 silly placeDep ROOT negotiator@1.0.0 OK for: accepts@2.0.0 want: ^1.0.0
238 silly placeDep ROOT bytes@3.1.2 OK for: body-parser@2.2.2 want: ^3.1.2
239 silly placeDep ROOT iconv-lite@0.7.2 OK for: body-parser@2.2.2 want: ^0.7.0
240 silly placeDep ROOT raw-body@3.0.2 OK for: body-parser@2.2.2 want: ^3.0.1
241 silly fetch manifest safer-buffer@>= 2.1.2 < 3.0.0
242 silly packumentCache full:https://registry.npmjs.org/safer-buffer cache-miss
243 silly fetch manifest unpipe@~1.0.0
244 silly packumentCache full:https://registry.npmjs.org/unpipe cache-miss
245 http fetch GET 200 https://registry.npmjs.org/safer-buffer 168ms (cache revalidated)
246 silly packumentCache full:https://registry.npmjs.org/safer-buffer set size:18521 disposed:false
247 http fetch GET 200 https://registry.npmjs.org/unpipe 197ms (cache revalidated)
248 silly packumentCache full:https://registry.npmjs.org/unpipe set size:3609 disposed:false
249 silly placeDep ROOT ms@2.1.3 OK for: debug@4.4.3 want: ^2.1.3
250 silly placeDep ROOT inherits@2.0.4 OK for: http-errors@2.0.1 want: ~2.0.4
251 silly placeDep ROOT setprototypeof@1.2.0 OK for: http-errors@2.0.1 want: ~1.2.0
252 silly placeDep ROOT toidentifier@1.0.1 OK for: http-errors@2.0.1 want: ~1.0.1
253 silly placeDep ROOT safer-buffer@2.1.2 OK for: iconv-lite@0.7.2 want: >= 2.1.2 < 3.0.0
254 silly placeDep ROOT mime-db@1.54.0 OK for: mime-types@3.0.2 want: ^1.54.0
255 silly placeDep ROOT ee-first@1.1.1 OK for: on-finished@2.4.1 want: 1.1.1
256 silly placeDep ROOT wrappy@1.0.2 OK for: once@1.4.0 want: 1
257 silly placeDep ROOT forwarded@0.2.0 OK for: proxy-addr@2.0.7 want: 0.2.0
258 silly placeDep ROOT ipaddr.js@1.9.1 OK for: proxy-addr@2.0.7 want: 1.9.1
259 silly placeDep ROOT side-channel@1.1.1 OK for: qs@6.15.2 want: ^1.1.0
260 silly fetch manifest es-errors@^1.3.0
261 silly packumentCache full:https://registry.npmjs.org/es-errors cache-miss
262 silly fetch manifest object-inspect@^1.13.4
263 silly packumentCache full:https://registry.npmjs.org/object-inspect cache-miss
264 silly fetch manifest side-channel-list@^1.0.1
265 silly packumentCache full:https://registry.npmjs.org/side-channel-list cache-miss
266 silly fetch manifest side-channel-map@^1.0.1
267 silly packumentCache full:https://registry.npmjs.org/side-channel-map cache-miss
268 silly fetch manifest side-channel-weakmap@^1.0.2
269 silly packumentCache full:https://registry.npmjs.org/side-channel-weakmap cache-miss
270 http fetch GET 200 https://registry.npmjs.org/es-errors 140ms (cache revalidated)
271 silly packumentCache full:https://registry.npmjs.org/es-errors set size:16918 disposed:false
272 http fetch GET 200 https://registry.npmjs.org/object-inspect 151ms (cache revalidated)
273 silly packumentCache full:https://registry.npmjs.org/object-inspect set size:101912 disposed:false
274 http fetch GET 200 https://registry.npmjs.org/side-channel-list 172ms (cache revalidated)
275 silly packumentCache full:https://registry.npmjs.org/side-channel-list set size:9021 disposed:false
276 http fetch GET 200 https://registry.npmjs.org/side-channel-map 177ms (cache revalidated)
277 silly packumentCache full:https://registry.npmjs.org/side-channel-map set size:9126 disposed:false
278 http fetch GET 200 https://registry.npmjs.org/side-channel-weakmap 184ms (cache revalidated)
279 silly packumentCache full:https://registry.npmjs.org/side-channel-weakmap set size:12620 disposed:false
280 silly placeDep ROOT unpipe@1.0.0 OK for: raw-body@3.0.2 want: ~1.0.0
281 silly placeDep ROOT is-promise@4.0.0 OK for: router@2.2.0 want: ^4.0.0
282 silly placeDep ROOT path-to-regexp@8.4.2 OK for: router@2.2.0 want: ^8.0.0
283 silly placeDep ROOT es-errors@1.3.0 OK for: side-channel@1.1.1 want: ^1.3.0
284 silly placeDep ROOT object-inspect@1.13.4 OK for: side-channel@1.1.1 want: ^1.13.4
285 silly placeDep ROOT side-channel-list@1.0.1 OK for: side-channel@1.1.1 want: ^1.0.1
286 silly placeDep ROOT side-channel-map@1.0.1 OK for: side-channel@1.1.1 want: ^1.0.1
287 silly placeDep ROOT side-channel-weakmap@1.0.2 OK for: side-channel@1.1.1 want: ^1.0.2
288 silly fetch manifest call-bound@^1.0.2
289 silly packumentCache full:https://registry.npmjs.org/call-bound cache-miss
290 silly fetch manifest get-intrinsic@^1.2.5
291 silly packumentCache full:https://registry.npmjs.org/get-intrinsic cache-miss
292 silly fetch manifest call-bound@^1.0.2
293 silly packumentCache full:https://registry.npmjs.org/call-bound cache-miss
294 silly fetch manifest get-intrinsic@^1.2.5
295 silly packumentCache full:https://registry.npmjs.org/get-intrinsic cache-miss
296 http fetch GET 200 https://registry.npmjs.org/call-bound 124ms (cache revalidated)
297 silly packumentCache full:https://registry.npmjs.org/call-bound set size:15317 disposed:false
298 http fetch GET 200 https://registry.npmjs.org/call-bound 141ms (cache revalidated)
299 silly packumentCache full:https://registry.npmjs.org/call-bound set size:15317 disposed:false
300 silly packumentCache full:https://registry.npmjs.org/call-bound dispose
301 http fetch GET 200 https://registry.npmjs.org/get-intrinsic 158ms (cache revalidated)
302 silly packumentCache full:https://registry.npmjs.org/get-intrinsic set size:60985 disposed:false
303 http fetch GET 200 https://registry.npmjs.org/get-intrinsic 168ms (cache revalidated)
304 silly packumentCache full:https://registry.npmjs.org/get-intrinsic set size:60985 disposed:false
305 silly packumentCache full:https://registry.npmjs.org/get-intrinsic dispose
306 silly placeDep ROOT call-bound@1.0.4 OK for: side-channel-map@1.0.1 want: ^1.0.2
307 silly placeDep ROOT get-intrinsic@1.3.0 OK for: side-channel-map@1.0.1 want: ^1.2.5
308 silly fetch manifest call-bind-apply-helpers@^1.0.2
309 silly packumentCache full:https://registry.npmjs.org/call-bind-apply-helpers cache-miss
310 silly fetch manifest get-intrinsic@^1.3.0
311 silly packumentCache full:https://registry.npmjs.org/get-intrinsic cache-hit
312 silly fetch manifest gopd@^1.2.0
313 silly packumentCache full:https://registry.npmjs.org/gopd cache-miss
314 silly fetch manifest hasown@^2.0.2
315 silly packumentCache full:https://registry.npmjs.org/hasown cache-miss
316 silly fetch manifest get-proto@^1.0.1
317 silly packumentCache full:https://registry.npmjs.org/get-proto cache-miss
318 silly fetch manifest has-symbols@^1.1.0
319 silly packumentCache full:https://registry.npmjs.org/has-symbols cache-miss
320 silly fetch manifest function-bind@^1.1.2
321 silly packumentCache full:https://registry.npmjs.org/function-bind cache-miss
322 silly fetch manifest es-object-atoms@^1.1.1
323 silly packumentCache full:https://registry.npmjs.org/es-object-atoms cache-miss
324 http fetch GET 200 https://registry.npmjs.org/gopd 254ms (cache revalidated)
325 silly packumentCache full:https://registry.npmjs.org/gopd set size:11458 disposed:false
326 silly fetch manifest math-intrinsics@^1.1.0
327 silly packumentCache full:https://registry.npmjs.org/math-intrinsics cache-miss
328 http fetch GET 200 https://registry.npmjs.org/get-proto 260ms (cache revalidated)
329 silly packumentCache full:https://registry.npmjs.org/get-proto set size:8300 disposed:false
330 silly fetch manifest es-define-property@^1.0.1
331 silly packumentCache full:https://registry.npmjs.org/es-define-property cache-miss
332 http fetch GET 200 https://registry.npmjs.org/function-bind 265ms (cache revalidated)
333 silly packumentCache full:https://registry.npmjs.org/function-bind set size:15733 disposed:false
334 silly fetch manifest call-bind-apply-helpers@^1.0.2
335 silly packumentCache full:https://registry.npmjs.org/call-bind-apply-helpers cache-miss
336 http fetch GET 200 https://registry.npmjs.org/has-symbols 318ms (cache revalidated)
337 silly packumentCache full:https://registry.npmjs.org/has-symbols set size:21550 disposed:false
338 http fetch GET 200 https://registry.npmjs.org/es-object-atoms 314ms (cache revalidated)
339 silly packumentCache full:https://registry.npmjs.org/es-object-atoms set size:18278 disposed:false
340 http fetch GET 200 https://registry.npmjs.org/hasown 347ms (cache revalidated)
341 silly packumentCache full:https://registry.npmjs.org/hasown set size:18361 disposed:false
342 http fetch GET 200 https://registry.npmjs.org/call-bind-apply-helpers 365ms (cache revalidated)
343 silly packumentCache full:https://registry.npmjs.org/call-bind-apply-helpers set size:12744 disposed:false
344 http fetch GET 200 https://registry.npmjs.org/call-bind-apply-helpers 153ms (cache revalidated)
345 silly packumentCache full:https://registry.npmjs.org/call-bind-apply-helpers set size:12744 disposed:false
346 silly packumentCache full:https://registry.npmjs.org/call-bind-apply-helpers dispose
347 http fetch GET 200 https://registry.npmjs.org/es-define-property 180ms (cache revalidated)
348 silly packumentCache full:https://registry.npmjs.org/es-define-property set size:8542 disposed:false
349 http fetch GET 200 https://registry.npmjs.org/math-intrinsics 206ms (cache revalidated)
350 silly packumentCache full:https://registry.npmjs.org/math-intrinsics set size:9265 disposed:false
351 silly placeDep ROOT call-bind-apply-helpers@1.0.2 OK for: call-bound@1.0.4 want: ^1.0.2
352 silly placeDep ROOT function-bind@1.1.2 OK for: call-bind-apply-helpers@1.0.2 want: ^1.1.2
353 silly placeDep ROOT es-define-property@1.0.1 OK for: get-intrinsic@1.3.0 want: ^1.0.1
354 silly placeDep ROOT es-object-atoms@1.1.2 OK for: get-intrinsic@1.3.0 want: ^1.1.1
355 silly placeDep ROOT get-proto@1.0.1 OK for: get-intrinsic@1.3.0 want: ^1.0.1
356 silly placeDep ROOT gopd@1.2.0 OK for: get-intrinsic@1.3.0 want: ^1.2.0
357 silly placeDep ROOT has-symbols@1.1.0 OK for: get-intrinsic@1.3.0 want: ^1.1.0
358 silly placeDep ROOT hasown@2.0.4 OK for: get-intrinsic@1.3.0 want: ^2.0.2
359 silly placeDep ROOT math-intrinsics@1.1.0 OK for: get-intrinsic@1.3.0 want: ^1.1.0
360 silly fetch manifest dunder-proto@^1.0.1
361 silly packumentCache full:https://registry.npmjs.org/dunder-proto cache-miss
362 http fetch GET 200 https://registry.npmjs.org/dunder-proto 96ms (cache revalidated)
363 silly packumentCache full:https://registry.npmjs.org/dunder-proto set size:8256 disposed:false
364 silly placeDep ROOT dunder-proto@1.0.1 OK for: get-proto@1.0.1 want: ^1.0.1
365 silly placeDep node_modules/type-is content-type@2.0.0 OK for: type-is@2.1.0 want: ^2.0.0
366 silly placeDep ROOT media-typer@1.1.0 OK for: type-is@2.1.0 want: ^1.1.0
367 silly reify moves {}
368 silly audit bulk request {
368 silly audit   express: [ '5.2.1' ],
368 silly audit   accepts: [ '2.0.0' ],
368 silly audit   'body-parser': [ '2.2.2' ],
368 silly audit   'content-disposition': [ '1.1.0' ],
368 silly audit   'content-type': [ '1.0.5', '2.0.0' ],
368 silly audit   cookie: [ '0.7.2' ],
368 silly audit   'cookie-signature': [ '1.2.2' ],
368 silly audit   debug: [ '4.4.3' ],
368 silly audit   depd: [ '2.0.0' ],
368 silly audit   encodeurl: [ '2.0.0' ],
368 silly audit   'escape-html': [ '1.0.3' ],
368 silly audit   etag: [ '1.8.1' ],
368 silly audit   finalhandler: [ '2.1.1' ],
368 silly audit   fresh: [ '2.0.0' ],
368 silly audit   'http-errors': [ '2.0.1' ],
368 silly audit   'merge-descriptors': [ '2.0.0' ],
368 silly audit   'mime-types': [ '3.0.2' ],
368 silly audit   'on-finished': [ '2.4.1' ],
368 silly audit   once: [ '1.4.0' ],
368 silly audit   parseurl: [ '1.3.3' ],
368 silly audit   'proxy-addr': [ '2.0.7' ],
368 silly audit   qs: [ '6.15.2' ],
368 silly audit   'range-parser': [ '1.2.1' ],
368 silly audit   router: [ '2.2.0' ],
368 silly audit   send: [ '1.2.1' ],
368 silly audit   'serve-static': [ '2.2.1' ],
368 silly audit   statuses: [ '2.0.2' ],
368 silly audit   'type-is': [ '2.1.0' ],
368 silly audit   vary: [ '1.1.2' ],
368 silly audit   negotiator: [ '1.0.0' ],
368 silly audit   bytes: [ '3.1.2' ],
368 silly audit   'iconv-lite': [ '0.7.2' ],
368 silly audit   'raw-body': [ '3.0.2' ],
368 silly audit   ms: [ '2.1.3' ],
368 silly audit   inherits: [ '2.0.4' ],
368 silly audit   setprototypeof: [ '1.2.0' ],
368 silly audit   toidentifier: [ '1.0.1' ],
368 silly audit   'safer-buffer': [ '2.1.2' ],
368 silly audit   'mime-db': [ '1.54.0' ],
368 silly audit   'ee-first': [ '1.1.1' ],
368 silly audit   wrappy: [ '1.0.2' ],
368 silly audit   forwarded: [ '0.2.0' ],
368 silly audit   'ipaddr.js': [ '1.9.1' ],
368 silly audit   'side-channel': [ '1.1.1' ],
368 silly audit   unpipe: [ '1.0.0' ],
368 silly audit   'is-promise': [ '4.0.0' ],
368 silly audit   'path-to-regexp': [ '8.4.2' ],
368 silly audit   'es-errors': [ '1.3.0' ],
368 silly audit   'object-inspect': [ '1.13.4' ],
368 silly audit   'side-channel-list': [ '1.0.1' ],
368 silly audit   'side-channel-map': [ '1.0.1' ],
368 silly audit   'side-channel-weakmap': [ '1.0.2' ],
368 silly audit   'call-bound': [ '1.0.4' ],
368 silly audit   'get-intrinsic': [ '1.3.0' ],
368 silly audit   'call-bind-apply-helpers': [ '1.0.2' ],
368 silly audit   'function-bind': [ '1.1.2' ],
368 silly audit   'es-define-property': [ '1.0.1' ],
368 silly audit   'es-object-atoms': [ '1.1.2' ],
368 silly audit   'get-proto': [ '1.0.1' ],
368 silly audit   gopd: [ '1.2.0' ],
368 silly audit   'has-symbols': [ '1.1.0' ],
368 silly audit   hasown: [ '2.0.4' ],
368 silly audit   'math-intrinsics': [ '1.1.0' ],
368 silly audit   'dunder-proto': [ '1.0.1' ],
368 silly audit   'media-typer': [ '1.1.0' ]
368 silly audit }
369 http cache media-typer@https://registry.npmjs.org/media-typer/-/media-typer-1.1.0.tgz 0ms (cache hit)
370 http cache math-intrinsics@https://registry.npmjs.org/math-intrinsics/-/math-intrinsics-1.1.0.tgz 0ms (cache hit)
371 http cache dunder-proto@https://registry.npmjs.org/dunder-proto/-/dunder-proto-1.0.1.tgz 0ms (cache hit)
372 http cache hasown@https://registry.npmjs.org/hasown/-/hasown-2.0.4.tgz 1ms (cache hit)
373 http cache has-symbols@https://registry.npmjs.org/has-symbols/-/has-symbols-1.1.0.tgz 0ms (cache hit)
374 http cache gopd@https://registry.npmjs.org/gopd/-/gopd-1.2.0.tgz 1ms (cache hit)
375 http cache get-proto@https://registry.npmjs.org/get-proto/-/get-proto-1.0.1.tgz 1ms (cache hit)
376 http cache es-object-atoms@https://registry.npmjs.org/es-object-atoms/-/es-object-atoms-1.1.2.tgz 0ms (cache hit)
377 http cache es-define-property@https://registry.npmjs.org/es-define-property/-/es-define-property-1.0.1.tgz 1ms (cache hit)
378 http cache function-bind@https://registry.npmjs.org/function-bind/-/function-bind-1.1.2.tgz 1ms (cache hit)
379 http cache call-bind-apply-helpers@https://registry.npmjs.org/call-bind-apply-helpers/-/call-bind-apply-helpers-1.0.2.tgz 0ms (cache hit)
380 http cache get-intrinsic@https://registry.npmjs.org/get-intrinsic/-/get-intrinsic-1.3.0.tgz 0ms (cache hit)
381 http cache call-bound@https://registry.npmjs.org/call-bound/-/call-bound-1.0.4.tgz 0ms (cache hit)
382 http cache side-channel-weakmap@https://registry.npmjs.org/side-channel-weakmap/-/side-channel-weakmap-1.0.2.tgz 0ms (cache hit)
383 http cache side-channel-map@https://registry.npmjs.org/side-channel-map/-/side-channel-map-1.0.1.tgz 0ms (cache hit)
384 http cache side-channel-list@https://registry.npmjs.org/side-channel-list/-/side-channel-list-1.0.1.tgz 1ms (cache hit)
385 http cache object-inspect@https://registry.npmjs.org/object-inspect/-/object-inspect-1.13.4.tgz 0ms (cache hit)
386 http cache es-errors@https://registry.npmjs.org/es-errors/-/es-errors-1.3.0.tgz 0ms (cache hit)
387 http cache path-to-regexp@https://registry.npmjs.org/path-to-regexp/-/path-to-regexp-8.4.2.tgz 1ms (cache hit)
388 http cache is-promise@https://registry.npmjs.org/is-promise/-/is-promise-4.0.0.tgz 0ms (cache hit)
389 http cache unpipe@https://registry.npmjs.org/unpipe/-/unpipe-1.0.0.tgz 1ms (cache hit)
390 http cache side-channel@https://registry.npmjs.org/side-channel/-/side-channel-1.1.1.tgz 0ms (cache hit)
391 http cache ipaddr.js@https://registry.npmjs.org/ipaddr.js/-/ipaddr.js-1.9.1.tgz 0ms (cache hit)
392 http cache forwarded@https://registry.npmjs.org/forwarded/-/forwarded-0.2.0.tgz 0ms (cache hit)
393 http cache wrappy@https://registry.npmjs.org/wrappy/-/wrappy-1.0.2.tgz 0ms (cache hit)
394 http cache ee-first@https://registry.npmjs.org/ee-first/-/ee-first-1.1.1.tgz 1ms (cache hit)
395 http cache mime-db@https://registry.npmjs.org/mime-db/-/mime-db-1.54.0.tgz 0ms (cache hit)
396 http cache safer-buffer@https://registry.npmjs.org/safer-buffer/-/safer-buffer-2.1.2.tgz 0ms (cache hit)
397 http cache toidentifier@https://registry.npmjs.org/toidentifier/-/toidentifier-1.0.1.tgz 1ms (cache hit)
398 http cache setprototypeof@https://registry.npmjs.org/setprototypeof/-/setprototypeof-1.2.0.tgz 0ms (cache hit)
399 http cache inherits@https://registry.npmjs.org/inherits/-/inherits-2.0.4.tgz 3ms (cache hit)
400 http cache ms@https://registry.npmjs.org/ms/-/ms-2.1.3.tgz 1ms (cache hit)
401 http cache raw-body@https://registry.npmjs.org/raw-body/-/raw-body-3.0.2.tgz 0ms (cache hit)
402 http cache iconv-lite@https://registry.npmjs.org/iconv-lite/-/iconv-lite-0.7.2.tgz 0ms (cache hit)
403 http cache bytes@https://registry.npmjs.org/bytes/-/bytes-3.1.2.tgz 0ms (cache hit)
404 http cache negotiator@https://registry.npmjs.org/negotiator/-/negotiator-1.0.0.tgz 1ms (cache hit)
405 http cache vary@https://registry.npmjs.org/vary/-/vary-1.1.2.tgz 0ms (cache hit)
406 http cache type-is@https://registry.npmjs.org/type-is/-/type-is-2.1.0.tgz 0ms (cache hit)
407 http cache statuses@https://registry.npmjs.org/statuses/-/statuses-2.0.2.tgz 0ms (cache hit)
408 http cache serve-static@https://registry.npmjs.org/serve-static/-/serve-static-2.2.1.tgz 0ms (cache hit)
409 http cache router@https://registry.npmjs.org/router/-/router-2.2.0.tgz 0ms (cache hit)
410 http cache send@https://registry.npmjs.org/send/-/send-1.2.1.tgz 1ms (cache hit)
411 http cache range-parser@https://registry.npmjs.org/range-parser/-/range-parser-1.2.1.tgz 0ms (cache hit)
412 http cache proxy-addr@https://registry.npmjs.org/proxy-addr/-/proxy-addr-2.0.7.tgz 0ms (cache hit)
413 http cache qs@https://registry.npmjs.org/qs/-/qs-6.15.2.tgz 0ms (cache hit)
414 http cache parseurl@https://registry.npmjs.org/parseurl/-/parseurl-1.3.3.tgz 0ms (cache hit)
415 http cache once@https://registry.npmjs.org/once/-/once-1.4.0.tgz 0ms (cache hit)
416 http cache on-finished@https://registry.npmjs.org/on-finished/-/on-finished-2.4.1.tgz 1ms (cache hit)
417 http cache mime-types@https://registry.npmjs.org/mime-types/-/mime-types-3.0.2.tgz 0ms (cache hit)
418 http cache merge-descriptors@https://registry.npmjs.org/merge-descriptors/-/merge-descriptors-2.0.0.tgz 0ms (cache hit)
419 http cache http-errors@https://registry.npmjs.org/http-errors/-/http-errors-2.0.1.tgz 0ms (cache hit)
420 http cache fresh@https://registry.npmjs.org/fresh/-/fresh-2.0.0.tgz 0ms (cache hit)
421 http cache finalhandler@https://registry.npmjs.org/finalhandler/-/finalhandler-2.1.1.tgz 0ms (cache hit)
422 http cache etag@https://registry.npmjs.org/etag/-/etag-1.8.1.tgz 0ms (cache hit)
423 http cache escape-html@https://registry.npmjs.org/escape-html/-/escape-html-1.0.3.tgz 0ms (cache hit)
424 http cache encodeurl@https://registry.npmjs.org/encodeurl/-/encodeurl-2.0.0.tgz 0ms (cache hit)
425 http cache depd@https://registry.npmjs.org/depd/-/depd-2.0.0.tgz 0ms (cache hit)
426 http cache debug@https://registry.npmjs.org/debug/-/debug-4.4.3.tgz 1ms (cache hit)
427 http cache cookie-signature@https://registry.npmjs.org/cookie-signature/-/cookie-signature-1.2.2.tgz 0ms (cache hit)
428 http cache cookie@https://registry.npmjs.org/cookie/-/cookie-0.7.2.tgz 0ms (cache hit)
429 http cache content-type@https://registry.npmjs.org/content-type/-/content-type-1.0.5.tgz 0ms (cache hit)
430 http cache content-disposition@https://registry.npmjs.org/content-disposition/-/content-disposition-1.1.0.tgz 1ms (cache hit)
431 http cache body-parser@https://registry.npmjs.org/body-parser/-/body-parser-2.2.2.tgz 0ms (cache hit)
432 http cache accepts@https://registry.npmjs.org/accepts/-/accepts-2.0.0.tgz 0ms (cache hit)
433 http cache express@https://registry.npmjs.org/express/-/express-5.2.1.tgz 0ms (cache hit)
434 http cache content-type@https://registry.npmjs.org/content-type/-/content-type-2.0.0.tgz 0ms (cache hit)
435 http fetch POST 200 https://registry.npmjs.org/-/npm/v1/security/advisories/bulk 975ms
436 silly audit report {}
437 silly ADD node_modules/media-typer
438 silly ADD node_modules/dunder-proto
439 silly ADD node_modules/math-intrinsics
440 silly ADD node_modules/hasown
441 silly ADD node_modules/has-symbols
442 silly ADD node_modules/gopd
443 silly ADD node_modules/get-proto
444 silly ADD node_modules/es-object-atoms
445 silly ADD node_modules/es-define-property
446 silly ADD node_modules/function-bind
447 silly ADD node_modules/call-bind-apply-helpers
448 silly ADD node_modules/get-intrinsic
449 silly ADD node_modules/call-bound
450 silly ADD node_modules/side-channel-weakmap
451 silly ADD node_modules/side-channel-map
452 silly ADD node_modules/side-channel-list
453 silly ADD node_modules/object-inspect
454 silly ADD node_modules/es-errors
455 silly ADD node_modules/path-to-regexp
456 silly ADD node_modules/is-promise
457 silly ADD node_modules/unpipe
458 silly ADD node_modules/side-channel
459 silly ADD node_modules/ipaddr.js
460 silly ADD node_modules/forwarded
461 silly ADD node_modules/wrappy
462 silly ADD node_modules/ee-first
463 silly ADD node_modules/mime-db
464 silly ADD node_modules/safer-buffer
465 silly ADD node_modules/toidentifier
466 silly ADD node_modules/setprototypeof
467 silly ADD node_modules/inherits
468 silly ADD node_modules/ms
469 silly ADD node_modules/raw-body
470 silly ADD node_modules/iconv-lite
471 silly ADD node_modules/bytes
472 silly ADD node_modules/negotiator
473 silly ADD node_modules/vary
474 silly ADD node_modules/type-is
475 silly ADD node_modules/type-is/node_modules/content-type
476 silly ADD node_modules/statuses
477 silly ADD node_modules/serve-static
478 silly ADD node_modules/send
479 silly ADD node_modules/router
480 silly ADD node_modules/range-parser
481 silly ADD node_modules/qs
482 silly ADD node_modules/proxy-addr
483 silly ADD node_modules/parseurl
484 silly ADD node_modules/once
485 silly ADD node_modules/on-finished
486 silly ADD node_modules/mime-types
487 silly ADD node_modules/merge-descriptors
488 silly ADD node_modules/http-errors
489 silly ADD node_modules/fresh
490 silly ADD node_modules/finalhandler
491 silly ADD node_modules/etag
492 silly ADD node_modules/escape-html
493 silly ADD node_modules/encodeurl
494 silly ADD node_modules/depd
495 silly ADD node_modules/debug
496 silly ADD node_modules/cookie-signature
497 silly ADD node_modules/cookie
498 silly ADD node_modules/content-type
499 silly ADD node_modules/content-disposition
500 silly ADD node_modules/body-parser
501 silly ADD node_modules/accepts
502 silly ADD node_modules/express
503 verbose cwd /data/data/com.termux/files/home/semana9
504 verbose os Linux 4.19.191-27193134-abA037MUBSBCYE1
505 verbose node v26.2.0
506 verbose npm  v11.16.0
507 verbose exit 0
508 info ok
