0 verbose cli /data/data/com.termux/files/usr/bin/node /data/data/com.termux/files/usr/bin/npm
1 info using npm@11.16.0
2 info using node@v26.2.0
3 silly config load:file:/data/data/com.termux/files/usr/lib/node_modules/npm/npmrc
4 silly config load:file:/data/data/com.termux/files/home/semana9/.npmrc
5 silly config load:file:/data/data/com.termux/files/home/.npmrc
6 silly config load:file:/data/data/com.termux/files/usr/etc/npmrc
7 verbose title npm install express
8 verbose argv "install" "express"
9 verbose logfile logs-max:10 dir:/data/data/com.termux/files/home/.npm/_logs/2026-06-14T23_32_47_356Z-
10 verbose logfile /data/data/com.termux/files/home/.npm/_logs/2026-06-14T23_32_47_356Z-debug-0.log
11 silly logfile start cleaning logs, removing 1 files
12 silly logfile done cleaning log files
13 silly packumentCache heap:1091043328 maxSize:272760832 maxEntrySize:136380416
14 silly idealTree buildDeps
15 silly fetch manifest express@*
16 silly packumentCache full:https://registry.npmjs.org/express cache-miss
17 http fetch GET 200 https://registry.npmjs.org/express 757ms (cache revalidated)
18 silly packumentCache full:https://registry.npmjs.org/express set size:804947 disposed:false
19 silly placeDep ROOT express@5.2.1 OK for: semana9@1.0.0 want: *
20 silly fetch manifest qs@^6.14.0
21 silly packumentCache full:https://registry.npmjs.org/qs cache-miss
22 silly fetch manifest depd@^2.0.0
23 silly packumentCache full:https://registry.npmjs.org/depd cache-miss
24 silly fetch manifest etag@^1.8.1
25 silly packumentCache full:https://registry.npmjs.org/etag cache-miss
26 silly fetch manifest once@^1.4.0
27 silly packumentCache full:https://registry.npmjs.org/once cache-miss
28 silly fetch manifest send@^1.1.0
29 silly packumentCache full:https://registry.npmjs.org/send cache-miss
30 silly fetch manifest vary@^1.1.2
31 silly packumentCache full:https://registry.npmjs.org/vary cache-miss
32 silly fetch manifest debug@^4.4.0
33 silly packumentCache full:https://registry.npmjs.org/debug cache-miss
34 http fetch GET 200 https://registry.npmjs.org/qs 307ms (cache revalidated)
35 silly packumentCache full:https://registry.npmjs.org/qs set size:356906 disposed:false
36 silly fetch manifest fresh@^2.0.0
37 silly packumentCache full:https://registry.npmjs.org/fresh cache-miss
38 http fetch GET 200 https://registry.npmjs.org/debug 433ms (cache revalidated)
39 silly packumentCache full:https://registry.npmjs.org/debug set size:195840 disposed:false
40 silly fetch manifest cookie@^0.7.1
41 silly packumentCache full:https://registry.npmjs.org/cookie cache-miss
42 http fetch GET 200 https://registry.npmjs.org/once 552ms (cache revalidated)
43 silly packumentCache full:https://registry.npmjs.org/once set size:11752 disposed:false
44 silly fetch manifest router@^2.2.0
45 silly packumentCache full:https://registry.npmjs.org/router cache-miss
46 http fetch GET 200 https://registry.npmjs.org/depd 616ms (cache revalidated)
47 silly packumentCache full:https://registry.npmjs.org/depd set size:40182 disposed:false
48 silly fetch manifest accepts@^2.0.0
49 silly packumentCache full:https://registry.npmjs.org/accepts cache-miss
50 http fetch GET 200 https://registry.npmjs.org/vary 619ms (cache revalidated)
51 silly packumentCache full:https://registry.npmjs.org/vary set size:15994 disposed:false
52 silly fetch manifest type-is@^2.0.1
53 silly packumentCache full:https://registry.npmjs.org/type-is cache-miss
54 http fetch GET 200 https://registry.npmjs.org/etag 690ms (cache revalidated)
55 silly packumentCache full:https://registry.npmjs.org/etag set size:30032 disposed:false
56 silly fetch manifest parseurl@^1.3.3
57 silly packumentCache full:https://registry.npmjs.org/parseurl cache-miss
58 http fetch GET 200 https://registry.npmjs.org/send 697ms (cache revalidated)
59 silly packumentCache full:https://registry.npmjs.org/send set size:152810 disposed:false
60 silly fetch manifest statuses@^2.0.1
61 silly packumentCache full:https://registry.npmjs.org/statuses cache-miss
62 http fetch GET 200 https://registry.npmjs.org/fresh 436ms (cache revalidated)
63 silly packumentCache full:https://registry.npmjs.org/fresh set size:25427 disposed:false
64 silly fetch manifest encodeurl@^2.0.0
65 silly packumentCache full:https://registry.npmjs.org/encodeurl cache-miss
66 http fetch GET 200 https://registry.npmjs.org/cookie 407ms (cache revalidated)
67 silly packumentCache full:https://registry.npmjs.org/cookie set size:72891 disposed:false
68 silly fetch manifest mime-types@^3.0.0
69 silly packumentCache full:https://registry.npmjs.org/mime-types cache-miss
70 http fetch GET 200 https://registry.npmjs.org/accepts 296ms (cache revalidated)
71 silly packumentCache full:https://registry.npmjs.org/accepts set size:77054 disposed:false
72 silly fetch manifest proxy-addr@^2.0.7
73 silly packumentCache full:https://registry.npmjs.org/proxy-addr cache-miss
74 http fetch GET 200 https://registry.npmjs.org/router 376ms (cache revalidated)
75 silly packumentCache full:https://registry.npmjs.org/router set size:116499 disposed:false
76 silly fetch manifest body-parser@^2.2.1
77 silly packumentCache full:https://registry.npmjs.org/body-parser cache-miss
78 http fetch GET 200 https://registry.npmjs.org/statuses 279ms (cache revalidated)
79 silly packumentCache full:https://registry.npmjs.org/statuses set size:37117 disposed:false
80 silly fetch manifest escape-html@^1.0.3
81 silly packumentCache full:https://registry.npmjs.org/escape-html cache-miss
82 http fetch GET 200 https://registry.npmjs.org/encodeurl 233ms (cache revalidated)
83 silly packumentCache full:https://registry.npmjs.org/encodeurl set size:12296 disposed:false
84 silly fetch manifest http-errors@^2.0.0
85 silly packumentCache full:https://registry.npmjs.org/http-errors cache-miss
86 http fetch GET 200 https://registry.npmjs.org/type-is 389ms (cache revalidated)
87 silly packumentCache full:https://registry.npmjs.org/type-is set size:88614 disposed:false
88 silly fetch manifest on-finished@^2.4.1
89 silly packumentCache full:https://registry.npmjs.org/on-finished cache-miss
90 http fetch GET 200 https://registry.npmjs.org/parseurl 410ms (cache revalidated)
91 silly packumentCache full:https://registry.npmjs.org/parseurl set size:24148 disposed:false
92 silly fetch manifest content-type@^1.0.5
93 silly packumentCache full:https://registry.npmjs.org/content-type cache-miss
94 http fetch GET 200 https://registry.npmjs.org/body-parser 238ms (cache revalidated)
95 silly packumentCache full:https://registry.npmjs.org/body-parser set size:199299 disposed:false
96 silly fetch manifest finalhandler@^2.1.0
97 silly packumentCache full:https://registry.npmjs.org/finalhandler cache-miss
98 http fetch GET 200 https://registry.npmjs.org/mime-types 324ms (cache revalidated)
99 silly packumentCache full:https://registry.npmjs.org/mime-types set size:139110 disposed:false
100 silly fetch manifest range-parser@^1.2.1
101 silly packumentCache full:https://registry.npmjs.org/range-parser cache-miss
102 http fetch GET 200 https://registry.npmjs.org/proxy-addr 327ms (cache revalidated)
103 silly packumentCache full:https://registry.npmjs.org/proxy-addr set size:61619 disposed:false
104 silly fetch manifest serve-static@^2.2.0
105 silly packumentCache full:https://registry.npmjs.org/serve-static cache-miss
106 http fetch GET 200 https://registry.npmjs.org/on-finished 239ms (cache revalidated)
107 silly packumentCache full:https://registry.npmjs.org/on-finished set size:23212 disposed:false
108 silly fetch manifest cookie-signature@^1.2.1
109 silly packumentCache full:https://registry.npmjs.org/cookie-signature cache-miss
110 http fetch GET 200 https://registry.npmjs.org/escape-html 361ms (cache revalidated)
111 silly packumentCache full:https://registry.npmjs.org/escape-html set size:7345 disposed:false
112 silly fetch manifest merge-descriptors@^2.0.0
113 silly packumentCache full:https://registry.npmjs.org/merge-descriptors cache-miss
114 http fetch GET 200 https://registry.npmjs.org/content-type 301ms (cache revalidated)
115 silly packumentCache full:https://registry.npmjs.org/content-type set size:18994 disposed:false
116 silly fetch manifest content-disposition@^1.0.0
117 silly packumentCache full:https://registry.npmjs.org/content-disposition cache-miss
118 http fetch GET 200 https://registry.npmjs.org/finalhandler 246ms (cache revalidated)
119 silly packumentCache full:https://registry.npmjs.org/finalhandler set size:79291 disposed:false
120 http fetch GET 200 https://registry.npmjs.org/range-parser 236ms (cache revalidated)
121 silly packumentCache full:https://registry.npmjs.org/range-parser set size:22228 disposed:false
122 http fetch GET 200 https://registry.npmjs.org/cookie-signature 203ms (cache revalidated)
123 silly packumentCache full:https://registry.npmjs.org/cookie-signature set size:21777 disposed:false
124 http fetch GET 200 https://registry.npmjs.org/serve-static 238ms (cache revalidated)
125 silly packumentCache full:https://registry.npmjs.org/serve-static set size:150391 disposed:false
126 http fetch GET 200 https://registry.npmjs.org/http-errors 506ms (cache revalidated)
127 silly packumentCache full:https://registry.npmjs.org/http-errors set size:71987 disposed:false
128 http fetch GET 200 https://registry.npmjs.org/content-disposition 214ms (cache revalidated)
129 silly packumentCache full:https://registry.npmjs.org/content-disposition set size:42862 disposed:false
130 http fetch GET 200 https://registry.npmjs.org/merge-descriptors 394ms (cache revalidated)
131 silly packumentCache full:https://registry.npmjs.org/merge-descriptors set size:16527 disposed:false
132 silly placeDep ROOT accepts@2.0.0 OK for: express@5.2.1 want: ^2.0.0
133 silly placeDep ROOT body-parser@2.2.2 OK for: express@5.2.1 want: ^2.2.1
134 silly placeDep ROOT content-disposition@1.1.0 OK for: express@5.2.1 want: ^1.0.0
135 silly placeDep ROOT content-type@1.0.5 OK for: express@5.2.1 want: ^1.0.5
136 silly placeDep ROOT cookie@0.7.2 OK for: express@5.2.1 want: ^0.7.1
137 silly placeDep ROOT cookie-signature@1.2.2 OK for: express@5.2.1 want: ^1.2.1
138 silly placeDep ROOT debug@4.4.3 OK for: express@5.2.1 want: ^4.4.0
139 silly placeDep ROOT depd@2.0.0 OK for: express@5.2.1 want: ^2.0.0
140 silly placeDep ROOT encodeurl@2.0.0 OK for: express@5.2.1 want: ^2.0.0
141 silly placeDep ROOT escape-html@1.0.3 OK for: express@5.2.1 want: ^1.0.3
142 silly placeDep ROOT etag@1.8.1 OK for: express@5.2.1 want: ^1.8.1
143 silly placeDep ROOT finalhandler@2.1.1 OK for: express@5.2.1 want: ^2.1.0
144 silly placeDep ROOT fresh@2.0.0 OK for: express@5.2.1 want: ^2.0.0
145 silly placeDep ROOT http-errors@2.0.1 OK for: express@5.2.1 want: ^2.0.0
146 silly placeDep ROOT merge-descriptors@2.0.0 OK for: express@5.2.1 want: ^2.0.0
147 silly placeDep ROOT mime-types@3.0.2 OK for: express@5.2.1 want: ^3.0.0
148 silly placeDep ROOT on-finished@2.4.1 OK for: express@5.2.1 want: ^2.4.1
149 silly placeDep ROOT once@1.4.0 OK for: express@5.2.1 want: ^1.4.0
150 silly placeDep ROOT parseurl@1.3.3 OK for: express@5.2.1 want: ^1.3.3
151 silly placeDep ROOT proxy-addr@2.0.7 OK for: express@5.2.1 want: ^2.0.7
152 silly placeDep ROOT qs@6.15.2 OK for: express@5.2.1 want: ^6.14.0
153 silly placeDep ROOT range-parser@1.2.1 OK for: express@5.2.1 want: ^1.2.1
154 silly placeDep ROOT router@2.2.0 OK for: express@5.2.1 want: ^2.2.0
155 silly placeDep ROOT send@1.2.1 OK for: express@5.2.1 want: ^1.1.0
156 silly placeDep ROOT serve-static@2.2.1 OK for: express@5.2.1 want: ^2.2.0
157 silly placeDep ROOT statuses@2.0.2 OK for: express@5.2.1 want: ^2.0.1
158 silly placeDep ROOT type-is@2.1.0 OK for: express@5.2.1 want: ^2.0.1
159 silly placeDep ROOT vary@1.1.2 OK for: express@5.2.1 want: ^1.1.2
160 silly fetch manifest negotiator@^1.0.0
161 silly packumentCache full:https://registry.npmjs.org/negotiator cache-miss
162 silly fetch manifest qs@^6.14.1
163 silly packumentCache full:https://registry.npmjs.org/qs cache-hit
164 silly fetch manifest bytes@^3.1.2
165 silly packumentCache full:https://registry.npmjs.org/bytes cache-miss
166 silly fetch manifest debug@^4.4.3
167 silly packumentCache full:https://registry.npmjs.org/debug cache-hit
168 silly fetch manifest raw-body@^3.0.1
169 silly packumentCache full:https://registry.npmjs.org/raw-body cache-miss
170 silly fetch manifest iconv-lite@^0.7.0
171 silly packumentCache full:https://registry.npmjs.org/iconv-lite cache-miss
172 silly fetch manifest ms@^2.1.3
173 silly packumentCache full:https://registry.npmjs.org/ms cache-miss
174 silly fetch manifest inherits@~2.0.4
175 silly packumentCache full:https://registry.npmjs.org/inherits cache-miss
176 silly fetch manifest setprototypeof@~1.2.0
177 silly packumentCache full:https://registry.npmjs.org/setprototypeof cache-miss
178 http fetch GET 200 https://registry.npmjs.org/inherits 188ms (cache revalidated)
179 silly packumentCache full:https://registry.npmjs.org/inherits set size:12925 disposed:false
180 silly fetch manifest statuses@~2.0.2
181 silly packumentCache full:https://registry.npmjs.org/statuses cache-hit
182 silly fetch manifest toidentifier@~1.0.1
183 silly packumentCache full:https://registry.npmjs.org/toidentifier cache-miss
184 http fetch GET 200 https://registry.npmjs.org/iconv-lite 228ms (cache revalidated)
185 silly packumentCache full:https://registry.npmjs.org/iconv-lite set size:120557 disposed:false
186 silly fetch manifest mime-db@^1.54.0
187 silly packumentCache full:https://registry.npmjs.org/mime-db cache-miss
188 http fetch GET 200 https://registry.npmjs.org/negotiator 286ms (cache revalidated)
189 silly packumentCache full:https://registry.npmjs.org/negotiator set size:48046 disposed:false
190 silly fetch manifest ee-first@1.1.1
191 silly packumentCache full:https://registry.npmjs.org/ee-first cache-miss
192 http fetch GET 200 https://registry.npmjs.org/bytes 293ms (cache revalidated)
193 silly packumentCache full:https://registry.npmjs.org/bytes set size:37018 disposed:false
194 silly fetch manifest wrappy@1
195 silly packumentCache full:https://registry.npmjs.org/wrappy cache-miss
196 http fetch GET 200 https://registry.npmjs.org/setprototypeof 285ms (cache revalidated)
197 silly packumentCache full:https://registry.npmjs.org/setprototypeof set size:14532 disposed:false
198 silly fetch manifest forwarded@0.2.0
199 silly packumentCache full:https://registry.npmjs.org/forwarded cache-miss
200 http fetch GET 200 https://registry.npmjs.org/raw-body 364ms (cache revalidated)
201 silly packumentCache full:https://registry.npmjs.org/raw-body set size:117822 disposed:false
202 silly fetch manifest ipaddr.js@1.9.1
203 silly packumentCache full:https://registry.npmjs.org/ipaddr.js cache-miss
204 http fetch GET 200 https://registry.npmjs.org/ms 439ms (cache revalidated)
205 silly packumentCache full:https://registry.npmjs.org/ms set size:92208 disposed:false
206 silly fetch manifest side-channel@^1.1.0
207 silly packumentCache full:https://registry.npmjs.org/side-channel cache-miss
208 http fetch GET 200 https://registry.npmjs.org/ee-first 206ms (cache revalidated)
209 silly packumentCache full:https://registry.npmjs.org/ee-first set size:15327 disposed:false
210 silly fetch manifest is-promise@^4.0.0
211 silly packumentCache full:https://registry.npmjs.org/is-promise cache-miss
212 http fetch GET 200 https://registry.npmjs.org/toidentifier 314ms (cache revalidated)
213 silly packumentCache full:https://registry.npmjs.org/toidentifier set size:12006 disposed:false
214 silly fetch manifest path-to-regexp@^8.0.0
215 silly packumentCache full:https://registry.npmjs.org/path-to-regexp cache-miss
216 http fetch GET 200 https://registry.npmjs.org/wrappy 264ms (cache revalidated)
217 silly packumentCache full:https://registry.npmjs.org/wrappy set size:7682 disposed:false
218 silly fetch manifest statuses@^2.0.2
219 silly packumentCache full:https://registry.npmjs.org/statuses cache-hit
220 silly fetch manifest content-type@^2.0.0
221 silly packumentCache full:https://registry.npmjs.org/content-type cache-hit
222 silly fetch manifest media-typer@^1.1.0
223 silly packumentCache full:https://registry.npmjs.org/media-typer cache-miss
224 http fetch GET 200 https://registry.npmjs.org/mime-db 323ms (cache revalidated)
225 silly packumentCache full:https://registry.npmjs.org/mime-db set size:164953 disposed:false
226 http fetch GET 200 https://registry.npmjs.org/forwarded 277ms (cache revalidated)
227 silly packumentCache full:https://registry.npmjs.org/forwarded set size:11229 disposed:false
228 http fetch GET 200 https://registry.npmjs.org/path-to-regexp 171ms (cache revalidated)
229 silly packumentCache full:https://registry.npmjs.org/path-to-regexp set size:216334 disposed:false
230 http fetch GET 200 https://registry.npmjs.org/is-promise 324ms (cache revalidated)
231 silly packumentCache full:https://registry.npmjs.org/is-promise set size:18599 disposed:false
232 http fetch GET 200 https://registry.npmjs.org/side-channel 348ms (cache revalidated)
233 silly packumentCache full:https://registry.npmjs.org/side-channel set size:27650 disposed:false
234 http fetch GET 200 https://registry.npmjs.org/media-typer 259ms (cache revalidated)
235 silly packumentCache full:https://registry.npmjs.org/media-typer set size:22678 disposed:false
236 http fetch GET 200 https://registry.npmjs.org/ipaddr.js 468ms (cache revalidated)
237 silly packumentCache full:https://registry.npmjs.org/ipaddr.js set size:69563 disposed:false
238 silly placeDep ROOT negotiator@1.0.0 OK for: accepts@2.0.0 want: ^1.0.0
239 silly placeDep ROOT bytes@3.1.2 OK for: body-parser@2.2.2 want: ^3.1.2
240 silly placeDep ROOT iconv-lite@0.7.2 OK for: body-parser@2.2.2 want: ^0.7.0
241 silly placeDep ROOT raw-body@3.0.2 OK for: body-parser@2.2.2 want: ^3.0.1
242 silly fetch manifest safer-buffer@>= 2.1.2 < 3.0.0
243 silly packumentCache full:https://registry.npmjs.org/safer-buffer cache-miss
244 silly fetch manifest unpipe@~1.0.0
245 silly packumentCache full:https://registry.npmjs.org/unpipe cache-miss
246 http fetch GET 200 https://registry.npmjs.org/unpipe 123ms (cache revalidated)
247 silly packumentCache full:https://registry.npmjs.org/unpipe set size:3609 disposed:false
248 http fetch GET 200 https://registry.npmjs.org/safer-buffer 136ms (cache revalidated)
249 silly packumentCache full:https://registry.npmjs.org/safer-buffer set size:18521 disposed:false
250 silly placeDep ROOT ms@2.1.3 OK for: debug@4.4.3 want: ^2.1.3
251 silly placeDep ROOT inherits@2.0.4 OK for: http-errors@2.0.1 want: ~2.0.4
252 silly placeDep ROOT setprototypeof@1.2.0 OK for: http-errors@2.0.1 want: ~1.2.0
253 silly placeDep ROOT toidentifier@1.0.1 OK for: http-errors@2.0.1 want: ~1.0.1
254 silly placeDep ROOT safer-buffer@2.1.2 OK for: iconv-lite@0.7.2 want: >= 2.1.2 < 3.0.0
255 silly placeDep ROOT mime-db@1.54.0 OK for: mime-types@3.0.2 want: ^1.54.0
256 silly placeDep ROOT ee-first@1.1.1 OK for: on-finished@2.4.1 want: 1.1.1
257 silly placeDep ROOT wrappy@1.0.2 OK for: once@1.4.0 want: 1
258 silly placeDep ROOT forwarded@0.2.0 OK for: proxy-addr@2.0.7 want: 0.2.0
259 silly placeDep ROOT ipaddr.js@1.9.1 OK for: proxy-addr@2.0.7 want: 1.9.1
260 silly placeDep ROOT side-channel@1.1.1 OK for: qs@6.15.2 want: ^1.1.0
261 silly fetch manifest es-errors@^1.3.0
262 silly packumentCache full:https://registry.npmjs.org/es-errors cache-miss
263 silly fetch manifest object-inspect@^1.13.4
264 silly packumentCache full:https://registry.npmjs.org/object-inspect cache-miss
265 silly fetch manifest side-channel-list@^1.0.1
266 silly packumentCache full:https://registry.npmjs.org/side-channel-list cache-miss
267 silly fetch manifest side-channel-map@^1.0.1
268 silly packumentCache full:https://registry.npmjs.org/side-channel-map cache-miss
269 silly fetch manifest side-channel-weakmap@^1.0.2
270 silly packumentCache full:https://registry.npmjs.org/side-channel-weakmap cache-miss
271 http fetch GET 200 https://registry.npmjs.org/es-errors 138ms (cache revalidated)
272 silly packumentCache full:https://registry.npmjs.org/es-errors set size:16918 disposed:false
273 http fetch GET 200 https://registry.npmjs.org/side-channel-list 146ms (cache revalidated)
274 silly packumentCache full:https://registry.npmjs.org/side-channel-list set size:9021 disposed:false
275 http fetch GET 200 https://registry.npmjs.org/object-inspect 158ms (cache revalidated)
276 silly packumentCache full:https://registry.npmjs.org/object-inspect set size:101912 disposed:false
277 http fetch GET 200 https://registry.npmjs.org/side-channel-weakmap 176ms (cache revalidated)
278 silly packumentCache full:https://registry.npmjs.org/side-channel-weakmap set size:12620 disposed:false
279 http fetch GET 200 https://registry.npmjs.org/side-channel-map 188ms (cache revalidated)
280 silly packumentCache full:https://registry.npmjs.org/side-channel-map set size:9126 disposed:false
281 silly placeDep ROOT unpipe@1.0.0 OK for: raw-body@3.0.2 want: ~1.0.0
282 silly placeDep ROOT is-promise@4.0.0 OK for: router@2.2.0 want: ^4.0.0
283 silly placeDep ROOT path-to-regexp@8.4.2 OK for: router@2.2.0 want: ^8.0.0
284 silly placeDep ROOT es-errors@1.3.0 OK for: side-channel@1.1.1 want: ^1.3.0
285 silly placeDep ROOT object-inspect@1.13.4 OK for: side-channel@1.1.1 want: ^1.13.4
286 silly placeDep ROOT side-channel-list@1.0.1 OK for: side-channel@1.1.1 want: ^1.0.1
287 silly placeDep ROOT side-channel-map@1.0.1 OK for: side-channel@1.1.1 want: ^1.0.1
288 silly placeDep ROOT side-channel-weakmap@1.0.2 OK for: side-channel@1.1.1 want: ^1.0.2
289 silly fetch manifest call-bound@^1.0.2
290 silly packumentCache full:https://registry.npmjs.org/call-bound cache-miss
291 silly fetch manifest get-intrinsic@^1.2.5
292 silly packumentCache full:https://registry.npmjs.org/get-intrinsic cache-miss
293 silly fetch manifest call-bound@^1.0.2
294 silly packumentCache full:https://registry.npmjs.org/call-bound cache-miss
295 silly fetch manifest get-intrinsic@^1.2.5
296 silly packumentCache full:https://registry.npmjs.org/get-intrinsic cache-miss
297 http fetch GET 200 https://registry.npmjs.org/call-bound 190ms (cache revalidated)
298 silly packumentCache full:https://registry.npmjs.org/call-bound set size:15317 disposed:false
299 http fetch GET 200 https://registry.npmjs.org/call-bound 207ms (cache revalidated)
300 silly packumentCache full:https://registry.npmjs.org/call-bound set size:15317 disposed:false
301 silly packumentCache full:https://registry.npmjs.org/call-bound dispose
302 http fetch GET 200 https://registry.npmjs.org/get-intrinsic 206ms (cache revalidated)
303 silly packumentCache full:https://registry.npmjs.org/get-intrinsic set size:60985 disposed:false
304 http fetch GET 200 https://registry.npmjs.org/get-intrinsic 226ms (cache revalidated)
305 silly packumentCache full:https://registry.npmjs.org/get-intrinsic set size:60985 disposed:false
306 silly packumentCache full:https://registry.npmjs.org/get-intrinsic dispose
307 silly placeDep ROOT call-bound@1.0.4 OK for: side-channel-map@1.0.1 want: ^1.0.2
308 silly placeDep ROOT get-intrinsic@1.3.0 OK for: side-channel-map@1.0.1 want: ^1.2.5
309 silly fetch manifest call-bind-apply-helpers@^1.0.2
310 silly packumentCache full:https://registry.npmjs.org/call-bind-apply-helpers cache-miss
311 silly fetch manifest get-intrinsic@^1.3.0
312 silly packumentCache full:https://registry.npmjs.org/get-intrinsic cache-hit
313 silly fetch manifest gopd@^1.2.0
314 silly packumentCache full:https://registry.npmjs.org/gopd cache-miss
315 silly fetch manifest hasown@^2.0.2
316 silly packumentCache full:https://registry.npmjs.org/hasown cache-miss
317 silly fetch manifest get-proto@^1.0.1
318 silly packumentCache full:https://registry.npmjs.org/get-proto cache-miss
319 silly fetch manifest has-symbols@^1.1.0
320 silly packumentCache full:https://registry.npmjs.org/has-symbols cache-miss
321 silly fetch manifest function-bind@^1.1.2
322 silly packumentCache full:https://registry.npmjs.org/function-bind cache-miss
323 silly fetch manifest es-object-atoms@^1.1.1
324 silly packumentCache full:https://registry.npmjs.org/es-object-atoms cache-miss
325 http fetch GET 200 https://registry.npmjs.org/call-bind-apply-helpers 169ms (cache revalidated)
326 silly packumentCache full:https://registry.npmjs.org/call-bind-apply-helpers set size:12744 disposed:false
327 silly fetch manifest math-intrinsics@^1.1.0
328 silly packumentCache full:https://registry.npmjs.org/math-intrinsics cache-miss
329 http fetch GET 200 https://registry.npmjs.org/gopd 175ms (cache revalidated)
330 silly packumentCache full:https://registry.npmjs.org/gopd set size:11458 disposed:false
331 silly fetch manifest es-define-property@^1.0.1
332 silly packumentCache full:https://registry.npmjs.org/es-define-property cache-miss
333 http fetch GET 200 https://registry.npmjs.org/hasown 225ms (cache revalidated)
334 silly packumentCache full:https://registry.npmjs.org/hasown set size:18361 disposed:false
335 http fetch GET 200 https://registry.npmjs.org/get-proto 235ms (cache revalidated)
336 silly packumentCache full:https://registry.npmjs.org/get-proto set size:8300 disposed:false
337 http fetch GET 200 https://registry.npmjs.org/es-object-atoms 222ms (cache revalidated)
338 silly packumentCache full:https://registry.npmjs.org/es-object-atoms set size:18278 disposed:false
339 http fetch GET 200 https://registry.npmjs.org/has-symbols 248ms (cache revalidated)
340 silly packumentCache full:https://registry.npmjs.org/has-symbols set size:21550 disposed:false
341 http fetch GET 200 https://registry.npmjs.org/function-bind 256ms (cache revalidated)
342 silly packumentCache full:https://registry.npmjs.org/function-bind set size:15733 disposed:false
343 http fetch GET 200 https://registry.npmjs.org/es-define-property 167ms (cache revalidated)
344 silly packumentCache full:https://registry.npmjs.org/es-define-property set size:8542 disposed:false
345 http fetch GET 200 https://registry.npmjs.org/math-intrinsics 188ms (cache revalidated)
346 silly packumentCache full:https://registry.npmjs.org/math-intrinsics set size:9265 disposed:false
347 silly placeDep ROOT call-bind-apply-helpers@1.0.2 OK for: call-bound@1.0.4 want: ^1.0.2
348 silly placeDep ROOT function-bind@1.1.2 OK for: call-bind-apply-helpers@1.0.2 want: ^1.1.2
349 silly placeDep ROOT es-define-property@1.0.1 OK for: get-intrinsic@1.3.0 want: ^1.0.1
350 silly placeDep ROOT es-object-atoms@1.1.2 OK for: get-intrinsic@1.3.0 want: ^1.1.1
351 silly placeDep ROOT get-proto@1.0.1 OK for: get-intrinsic@1.3.0 want: ^1.0.1
352 silly placeDep ROOT gopd@1.2.0 OK for: get-intrinsic@1.3.0 want: ^1.2.0
353 silly placeDep ROOT has-symbols@1.1.0 OK for: get-intrinsic@1.3.0 want: ^1.1.0
354 silly placeDep ROOT hasown@2.0.4 OK for: get-intrinsic@1.3.0 want: ^2.0.2
355 silly placeDep ROOT math-intrinsics@1.1.0 OK for: get-intrinsic@1.3.0 want: ^1.1.0
356 silly fetch manifest dunder-proto@^1.0.1
357 silly packumentCache full:https://registry.npmjs.org/dunder-proto cache-miss
358 http fetch GET 200 https://registry.npmjs.org/dunder-proto 89ms (cache revalidated)
359 silly packumentCache full:https://registry.npmjs.org/dunder-proto set size:8256 disposed:false
360 silly placeDep ROOT dunder-proto@1.0.1 OK for: get-proto@1.0.1 want: ^1.0.1
361 silly placeDep node_modules/type-is content-type@2.0.0 OK for: type-is@2.1.0 want: ^2.0.0
362 silly placeDep ROOT media-typer@1.1.0 OK for: type-is@2.1.0 want: ^1.1.0
363 silly reify moves {}
364 silly audit bulk request {
364 silly audit   express: [ '5.2.1' ],
364 silly audit   accepts: [ '2.0.0' ],
364 silly audit   'body-parser': [ '2.2.2' ],
364 silly audit   'content-disposition': [ '1.1.0' ],
364 silly audit   'content-type': [ '1.0.5', '2.0.0' ],
364 silly audit   cookie: [ '0.7.2' ],
364 silly audit   'cookie-signature': [ '1.2.2' ],
364 silly audit   debug: [ '4.4.3' ],
364 silly audit   depd: [ '2.0.0' ],
364 silly audit   encodeurl: [ '2.0.0' ],
364 silly audit   'escape-html': [ '1.0.3' ],
364 silly audit   etag: [ '1.8.1' ],
364 silly audit   finalhandler: [ '2.1.1' ],
364 silly audit   fresh: [ '2.0.0' ],
364 silly audit   'http-errors': [ '2.0.1' ],
364 silly audit   'merge-descriptors': [ '2.0.0' ],
364 silly audit   'mime-types': [ '3.0.2' ],
364 silly audit   'on-finished': [ '2.4.1' ],
364 silly audit   once: [ '1.4.0' ],
364 silly audit   parseurl: [ '1.3.3' ],
364 silly audit   'proxy-addr': [ '2.0.7' ],
364 silly audit   qs: [ '6.15.2' ],
364 silly audit   'range-parser': [ '1.2.1' ],
364 silly audit   router: [ '2.2.0' ],
364 silly audit   send: [ '1.2.1' ],
364 silly audit   'serve-static': [ '2.2.1' ],
364 silly audit   statuses: [ '2.0.2' ],
364 silly audit   'type-is': [ '2.1.0' ],
364 silly audit   vary: [ '1.1.2' ],
364 silly audit   negotiator: [ '1.0.0' ],
364 silly audit   bytes: [ '3.1.2' ],
364 silly audit   'iconv-lite': [ '0.7.2' ],
364 silly audit   'raw-body': [ '3.0.2' ],
364 silly audit   ms: [ '2.1.3' ],
364 silly audit   inherits: [ '2.0.4' ],
364 silly audit   setprototypeof: [ '1.2.0' ],
364 silly audit   toidentifier: [ '1.0.1' ],
364 silly audit   'safer-buffer': [ '2.1.2' ],
364 silly audit   'mime-db': [ '1.54.0' ],
364 silly audit   'ee-first': [ '1.1.1' ],
364 silly audit   wrappy: [ '1.0.2' ],
364 silly audit   forwarded: [ '0.2.0' ],
364 silly audit   'ipaddr.js': [ '1.9.1' ],
364 silly audit   'side-channel': [ '1.1.1' ],
364 silly audit   unpipe: [ '1.0.0' ],
364 silly audit   'is-promise': [ '4.0.0' ],
364 silly audit   'path-to-regexp': [ '8.4.2' ],
364 silly audit   'es-errors': [ '1.3.0' ],
364 silly audit   'object-inspect': [ '1.13.4' ],
364 silly audit   'side-channel-list': [ '1.0.1' ],
364 silly audit   'side-channel-map': [ '1.0.1' ],
364 silly audit   'side-channel-weakmap': [ '1.0.2' ],
364 silly audit   'call-bound': [ '1.0.4' ],
364 silly audit   'get-intrinsic': [ '1.3.0' ],
364 silly audit   'call-bind-apply-helpers': [ '1.0.2' ],
364 silly audit   'function-bind': [ '1.1.2' ],
364 silly audit   'es-define-property': [ '1.0.1' ],
364 silly audit   'es-object-atoms': [ '1.1.2' ],
364 silly audit   'get-proto': [ '1.0.1' ],
364 silly audit   gopd: [ '1.2.0' ],
364 silly audit   'has-symbols': [ '1.1.0' ],
364 silly audit   hasown: [ '2.0.4' ],
364 silly audit   'math-intrinsics': [ '1.1.0' ],
364 silly audit   'dunder-proto': [ '1.0.1' ],
364 silly audit   'media-typer': [ '1.1.0' ]
364 silly audit }
365 http cache media-typer@https://registry.npmjs.org/media-typer/-/media-typer-1.1.0.tgz 0ms (cache hit)
366 http cache dunder-proto@https://registry.npmjs.org/dunder-proto/-/dunder-proto-1.0.1.tgz 0ms (cache hit)
367 http cache math-intrinsics@https://registry.npmjs.org/math-intrinsics/-/math-intrinsics-1.1.0.tgz 0ms (cache hit)
368 http cache has-symbols@https://registry.npmjs.org/has-symbols/-/has-symbols-1.1.0.tgz 1ms (cache hit)
369 http cache gopd@https://registry.npmjs.org/gopd/-/gopd-1.2.0.tgz 0ms (cache hit)
370 http cache get-proto@https://registry.npmjs.org/get-proto/-/get-proto-1.0.1.tgz 0ms (cache hit)
371 http cache hasown@https://registry.npmjs.org/hasown/-/hasown-2.0.4.tgz 0ms (cache hit)
372 http cache es-object-atoms@https://registry.npmjs.org/es-object-atoms/-/es-object-atoms-1.1.2.tgz 0ms (cache hit)
373 http cache es-define-property@https://registry.npmjs.org/es-define-property/-/es-define-property-1.0.1.tgz 0ms (cache hit)
374 http cache function-bind@https://registry.npmjs.org/function-bind/-/function-bind-1.1.2.tgz 0ms (cache hit)
375 http cache call-bind-apply-helpers@https://registry.npmjs.org/call-bind-apply-helpers/-/call-bind-apply-helpers-1.0.2.tgz 0ms (cache hit)
376 http cache get-intrinsic@https://registry.npmjs.org/get-intrinsic/-/get-intrinsic-1.3.0.tgz 0ms (cache hit)
377 http cache call-bound@https://registry.npmjs.org/call-bound/-/call-bound-1.0.4.tgz 0ms (cache hit)
378 http cache side-channel-weakmap@https://registry.npmjs.org/side-channel-weakmap/-/side-channel-weakmap-1.0.2.tgz 0ms (cache hit)
379 http cache side-channel-map@https://registry.npmjs.org/side-channel-map/-/side-channel-map-1.0.1.tgz 0ms (cache hit)
380 http cache side-channel-list@https://registry.npmjs.org/side-channel-list/-/side-channel-list-1.0.1.tgz 0ms (cache hit)
381 http cache object-inspect@https://registry.npmjs.org/object-inspect/-/object-inspect-1.13.4.tgz 0ms (cache hit)
382 http cache es-errors@https://registry.npmjs.org/es-errors/-/es-errors-1.3.0.tgz 0ms (cache hit)
383 http cache is-promise@https://registry.npmjs.org/is-promise/-/is-promise-4.0.0.tgz 1ms (cache hit)
384 http cache unpipe@https://registry.npmjs.org/unpipe/-/unpipe-1.0.0.tgz 0ms (cache hit)
385 http cache path-to-regexp@https://registry.npmjs.org/path-to-regexp/-/path-to-regexp-8.4.2.tgz 0ms (cache hit)
386 http cache side-channel@https://registry.npmjs.org/side-channel/-/side-channel-1.1.1.tgz 1ms (cache hit)
387 http cache ipaddr.js@https://registry.npmjs.org/ipaddr.js/-/ipaddr.js-1.9.1.tgz 0ms (cache hit)
388 http cache forwarded@https://registry.npmjs.org/forwarded/-/forwarded-0.2.0.tgz 0ms (cache hit)
389 http cache wrappy@https://registry.npmjs.org/wrappy/-/wrappy-1.0.2.tgz 0ms (cache hit)
390 http cache ee-first@https://registry.npmjs.org/ee-first/-/ee-first-1.1.1.tgz 0ms (cache hit)
391 http cache mime-db@https://registry.npmjs.org/mime-db/-/mime-db-1.54.0.tgz 0ms (cache hit)
392 http cache safer-buffer@https://registry.npmjs.org/safer-buffer/-/safer-buffer-2.1.2.tgz 0ms (cache hit)
393 http cache toidentifier@https://registry.npmjs.org/toidentifier/-/toidentifier-1.0.1.tgz 0ms (cache hit)
394 http cache setprototypeof@https://registry.npmjs.org/setprototypeof/-/setprototypeof-1.2.0.tgz 0ms (cache hit)
395 http cache inherits@https://registry.npmjs.org/inherits/-/inherits-2.0.4.tgz 0ms (cache hit)
396 http cache ms@https://registry.npmjs.org/ms/-/ms-2.1.3.tgz 0ms (cache hit)
397 http cache raw-body@https://registry.npmjs.org/raw-body/-/raw-body-3.0.2.tgz 0ms (cache hit)
398 http cache iconv-lite@https://registry.npmjs.org/iconv-lite/-/iconv-lite-0.7.2.tgz 0ms (cache hit)
399 http cache bytes@https://registry.npmjs.org/bytes/-/bytes-3.1.2.tgz 0ms (cache hit)
400 http cache negotiator@https://registry.npmjs.org/negotiator/-/negotiator-1.0.0.tgz 0ms (cache hit)
401 http cache vary@https://registry.npmjs.org/vary/-/vary-1.1.2.tgz 0ms (cache hit)
402 http cache type-is@https://registry.npmjs.org/type-is/-/type-is-2.1.0.tgz 0ms (cache hit)
403 http cache statuses@https://registry.npmjs.org/statuses/-/statuses-2.0.2.tgz 0ms (cache hit)
404 http cache serve-static@https://registry.npmjs.org/serve-static/-/serve-static-2.2.1.tgz 0ms (cache hit)
405 http cache send@https://registry.npmjs.org/send/-/send-1.2.1.tgz 1ms (cache hit)
406 http cache router@https://registry.npmjs.org/router/-/router-2.2.0.tgz 0ms (cache hit)
407 http cache range-parser@https://registry.npmjs.org/range-parser/-/range-parser-1.2.1.tgz 0ms (cache hit)
408 http cache qs@https://registry.npmjs.org/qs/-/qs-6.15.2.tgz 0ms (cache hit)
409 http cache proxy-addr@https://registry.npmjs.org/proxy-addr/-/proxy-addr-2.0.7.tgz 0ms (cache hit)
410 http cache parseurl@https://registry.npmjs.org/parseurl/-/parseurl-1.3.3.tgz 0ms (cache hit)
411 http cache once@https://registry.npmjs.org/once/-/once-1.4.0.tgz 1ms (cache hit)
412 http cache on-finished@https://registry.npmjs.org/on-finished/-/on-finished-2.4.1.tgz 0ms (cache hit)
413 http cache mime-types@https://registry.npmjs.org/mime-types/-/mime-types-3.0.2.tgz 0ms (cache hit)
414 http cache merge-descriptors@https://registry.npmjs.org/merge-descriptors/-/merge-descriptors-2.0.0.tgz 0ms (cache hit)
415 http cache http-errors@https://registry.npmjs.org/http-errors/-/http-errors-2.0.1.tgz 0ms (cache hit)
416 http cache fresh@https://registry.npmjs.org/fresh/-/fresh-2.0.0.tgz 0ms (cache hit)
417 http cache finalhandler@https://registry.npmjs.org/finalhandler/-/finalhandler-2.1.1.tgz 0ms (cache hit)
418 http cache etag@https://registry.npmjs.org/etag/-/etag-1.8.1.tgz 0ms (cache hit)
419 http cache escape-html@https://registry.npmjs.org/escape-html/-/escape-html-1.0.3.tgz 0ms (cache hit)
420 http cache encodeurl@https://registry.npmjs.org/encodeurl/-/encodeurl-2.0.0.tgz 0ms (cache hit)
421 http cache depd@https://registry.npmjs.org/depd/-/depd-2.0.0.tgz 0ms (cache hit)
422 http cache debug@https://registry.npmjs.org/debug/-/debug-4.4.3.tgz 0ms (cache hit)
423 http cache cookie-signature@https://registry.npmjs.org/cookie-signature/-/cookie-signature-1.2.2.tgz 0ms (cache hit)
424 http cache cookie@https://registry.npmjs.org/cookie/-/cookie-0.7.2.tgz 0ms (cache hit)
425 http cache content-type@https://registry.npmjs.org/content-type/-/content-type-1.0.5.tgz 0ms (cache hit)
426 http cache content-disposition@https://registry.npmjs.org/content-disposition/-/content-disposition-1.1.0.tgz 0ms (cache hit)
427 http cache body-parser@https://registry.npmjs.org/body-parser/-/body-parser-2.2.2.tgz 1ms (cache hit)
428 http cache accepts@https://registry.npmjs.org/accepts/-/accepts-2.0.0.tgz 0ms (cache hit)
429 http cache express@https://registry.npmjs.org/express/-/express-5.2.1.tgz 1ms (cache hit)
430 http cache content-type@https://registry.npmjs.org/content-type/-/content-type-2.0.0.tgz 0ms (cache hit)
431 http fetch POST 200 https://registry.npmjs.org/-/npm/v1/security/advisories/bulk 988ms
432 silly audit report {}
433 silly ADD node_modules/media-typer
434 silly ADD node_modules/dunder-proto
435 silly ADD node_modules/math-intrinsics
436 silly ADD node_modules/hasown
437 silly ADD node_modules/has-symbols
438 silly ADD node_modules/gopd
439 silly ADD node_modules/get-proto
440 silly ADD node_modules/es-object-atoms
441 silly ADD node_modules/es-define-property
442 silly ADD node_modules/function-bind
443 silly ADD node_modules/call-bind-apply-helpers
444 silly ADD node_modules/get-intrinsic
445 silly ADD node_modules/call-bound
446 silly ADD node_modules/side-channel-weakmap
447 silly ADD node_modules/side-channel-map
448 silly ADD node_modules/side-channel-list
449 silly ADD node_modules/object-inspect
450 silly ADD node_modules/es-errors
451 silly ADD node_modules/path-to-regexp
452 silly ADD node_modules/is-promise
453 silly ADD node_modules/unpipe
454 silly ADD node_modules/side-channel
455 silly ADD node_modules/ipaddr.js
456 silly ADD node_modules/forwarded
457 silly ADD node_modules/wrappy
458 silly ADD node_modules/ee-first
459 silly ADD node_modules/mime-db
460 silly ADD node_modules/safer-buffer
461 silly ADD node_modules/toidentifier
462 silly ADD node_modules/setprototypeof
463 silly ADD node_modules/inherits
464 silly ADD node_modules/ms
465 silly ADD node_modules/raw-body
466 silly ADD node_modules/iconv-lite
467 silly ADD node_modules/bytes
468 silly ADD node_modules/negotiator
469 silly ADD node_modules/vary
470 silly ADD node_modules/type-is
471 silly ADD node_modules/type-is/node_modules/content-type
472 silly ADD node_modules/statuses
473 silly ADD node_modules/serve-static
474 silly ADD node_modules/send
475 silly ADD node_modules/router
476 silly ADD node_modules/range-parser
477 silly ADD node_modules/qs
478 silly ADD node_modules/proxy-addr
479 silly ADD node_modules/parseurl
480 silly ADD node_modules/once
481 silly ADD node_modules/on-finished
482 silly ADD node_modules/mime-types
483 silly ADD node_modules/merge-descriptors
484 silly ADD node_modules/http-errors
485 silly ADD node_modules/fresh
486 silly ADD node_modules/finalhandler
487 silly ADD node_modules/etag
488 silly ADD node_modules/escape-html
489 silly ADD node_modules/encodeurl
490 silly ADD node_modules/depd
491 silly ADD node_modules/debug
492 silly ADD node_modules/cookie-signature
493 silly ADD node_modules/cookie
494 silly ADD node_modules/content-type
495 silly ADD node_modules/content-disposition
496 silly ADD node_modules/body-parser
497 silly ADD node_modules/accepts
498 silly ADD node_modules/express
499 verbose cwd /data/data/com.termux/files/home/semana9
500 verbose os Linux 4.19.191-27193134-abA037MUBSBCYE1
501 verbose node v26.2.0
502 verbose npm  v11.16.0
503 verbose exit 0
504 info ok
