0 verbose cli /data/data/com.termux/files/usr/bin/node /data/data/com.termux/files/usr/bin/npm
1 info using npm@11.17.0
2 info using node@v26.2.0
3 silly config load:file:/data/data/com.termux/files/usr/lib/node_modules/npm/npmrc
4 silly config load:file:/data/data/com.termux/files/home/programadores-para-la-paz/semana9/.npmrc
5 silly config load:file:/data/data/com.termux/files/home/.npmrc
6 silly config load:file:/data/data/com.termux/files/usr/etc/npmrc
7 verbose title npm install express
8 verbose argv "install" "express"
9 verbose logfile logs-max:10 dir:/data/data/com.termux/files/home/.npm/_logs/2026-06-20T00_38_41_074Z-
10 verbose logfile /data/data/com.termux/files/home/.npm/_logs/2026-06-20T00_38_41_074Z-debug-0.log
11 silly logfile start cleaning logs, removing 1 files
12 silly logfile done cleaning log files
13 silly packumentCache heap:1091043328 maxSize:272760832 maxEntrySize:136380416
14 silly idealTree buildDeps
15 silly fetch manifest express@*
16 silly packumentCache full:https://registry.npmjs.org/express cache-miss
17 http fetch GET 200 https://registry.npmjs.org/express 999ms (cache revalidated)
18 silly packumentCache full:https://registry.npmjs.org/express set size:804947 disposed:false
19 silly placeDep ROOT express@5.2.1 OK for: semana9@1.0.0 want: *
20 silly fetch manifest qs@^6.14.0
21 silly packumentCache full:https://registry.npmjs.org/qs cache-miss
22 silly fetch manifest depd@^2.0.0
23 silly packumentCache full:https://registry.npmjs.org/depd cache-miss
24 silly fetch manifest etag@^1.8.1
25 silly packumentCache full:https://registry.npmjs.org/etag cache-miss
26 silly fetch manifest once@^1.4.0
27 silly packumentCache full:https://registry.npmjs.org/once cache-miss
28 silly fetch manifest send@^1.1.0
29 silly packumentCache full:https://registry.npmjs.org/send cache-miss
30 silly fetch manifest vary@^1.1.2
31 silly packumentCache full:https://registry.npmjs.org/vary cache-miss
32 silly fetch manifest debug@^4.4.0
33 silly packumentCache full:https://registry.npmjs.org/debug cache-miss
34 http fetch GET 200 https://registry.npmjs.org/qs 299ms (cache revalidated)
35 silly packumentCache full:https://registry.npmjs.org/qs set size:356906 disposed:false
36 silly fetch manifest fresh@^2.0.0
37 silly packumentCache full:https://registry.npmjs.org/fresh cache-miss
38 http fetch GET 200 https://registry.npmjs.org/etag 533ms (cache revalidated)
39 silly packumentCache full:https://registry.npmjs.org/etag set size:30032 disposed:false
40 silly fetch manifest cookie@^0.7.1
41 silly packumentCache full:https://registry.npmjs.org/cookie cache-miss
42 http fetch GET 200 https://registry.npmjs.org/fresh 224ms (cache revalidated)
43 silly packumentCache full:https://registry.npmjs.org/fresh set size:25427 disposed:false
44 silly fetch manifest router@^2.2.0
45 silly packumentCache full:https://registry.npmjs.org/router cache-miss
46 http fetch GET 200 https://registry.npmjs.org/once 618ms (cache revalidated)
47 silly packumentCache full:https://registry.npmjs.org/once set size:11752 disposed:false
48 silly fetch manifest accepts@^2.0.0
49 silly packumentCache full:https://registry.npmjs.org/accepts cache-miss
50 http fetch GET 200 https://registry.npmjs.org/depd 667ms (cache revalidated)
51 silly packumentCache full:https://registry.npmjs.org/depd set size:40182 disposed:false
52 silly fetch manifest type-is@^2.0.1
53 silly packumentCache full:https://registry.npmjs.org/type-is cache-miss
54 http fetch GET 200 https://registry.npmjs.org/debug 671ms (cache revalidated)
55 silly packumentCache full:https://registry.npmjs.org/debug set size:195840 disposed:false
56 silly fetch manifest parseurl@^1.3.3
57 silly packumentCache full:https://registry.npmjs.org/parseurl cache-miss
58 http fetch GET 200 https://registry.npmjs.org/send 764ms (cache revalidated)
59 silly packumentCache full:https://registry.npmjs.org/send set size:152810 disposed:false
60 silly fetch manifest statuses@^2.0.1
61 silly packumentCache full:https://registry.npmjs.org/statuses cache-miss
62 http fetch GET 200 https://registry.npmjs.org/vary 790ms (cache revalidated)
63 silly packumentCache full:https://registry.npmjs.org/vary set size:15994 disposed:false
64 silly fetch manifest encodeurl@^2.0.0
65 silly packumentCache full:https://registry.npmjs.org/encodeurl cache-miss
66 http fetch GET 200 https://registry.npmjs.org/accepts 423ms (cache revalidated)
67 silly packumentCache full:https://registry.npmjs.org/accepts set size:77054 disposed:false
68 silly fetch manifest mime-types@^3.0.0
69 silly packumentCache full:https://registry.npmjs.org/mime-types cache-miss
70 http fetch GET 200 https://registry.npmjs.org/cookie 538ms (cache revalidated)
71 silly packumentCache full:https://registry.npmjs.org/cookie set size:72891 disposed:false
72 silly fetch manifest proxy-addr@^2.0.7
73 silly packumentCache full:https://registry.npmjs.org/proxy-addr cache-miss
74 http fetch GET 200 https://registry.npmjs.org/router 535ms (cache revalidated)
75 silly packumentCache full:https://registry.npmjs.org/router set size:116499 disposed:false
76 silly fetch manifest body-parser@^2.2.1
77 silly packumentCache full:https://registry.npmjs.org/body-parser cache-miss
78 http fetch GET 200 https://registry.npmjs.org/statuses 342ms (cache revalidated)
79 silly packumentCache full:https://registry.npmjs.org/statuses set size:37117 disposed:false
80 silly fetch manifest escape-html@^1.0.3
81 silly packumentCache full:https://registry.npmjs.org/escape-html cache-miss
82 http fetch GET 200 https://registry.npmjs.org/parseurl 425ms (cache revalidated)
83 silly packumentCache full:https://registry.npmjs.org/parseurl set size:24148 disposed:false
84 silly fetch manifest http-errors@^2.0.0
85 silly packumentCache full:https://registry.npmjs.org/http-errors cache-miss
86 http fetch GET 200 https://registry.npmjs.org/type-is 498ms (cache revalidated)
87 silly packumentCache full:https://registry.npmjs.org/type-is set size:88614 disposed:false
88 silly fetch manifest on-finished@^2.4.1
89 silly packumentCache full:https://registry.npmjs.org/on-finished cache-miss
90 http fetch GET 200 https://registry.npmjs.org/encodeurl 382ms (cache revalidated)
91 silly packumentCache full:https://registry.npmjs.org/encodeurl set size:12296 disposed:false
92 silly fetch manifest content-type@^1.0.5
93 silly packumentCache full:https://registry.npmjs.org/content-type cache-miss
94 http fetch GET 200 https://registry.npmjs.org/mime-types 269ms (cache revalidated)
95 silly packumentCache full:https://registry.npmjs.org/mime-types set size:139110 disposed:false
96 silly fetch manifest finalhandler@^2.1.0
97 silly packumentCache full:https://registry.npmjs.org/finalhandler cache-miss
98 http fetch GET 200 https://registry.npmjs.org/proxy-addr 269ms (cache revalidated)
99 silly packumentCache full:https://registry.npmjs.org/proxy-addr set size:61619 disposed:false
100 silly fetch manifest range-parser@^1.2.1
101 silly packumentCache full:https://registry.npmjs.org/range-parser cache-miss
102 http fetch GET 200 https://registry.npmjs.org/escape-html 298ms (cache revalidated)
103 silly packumentCache full:https://registry.npmjs.org/escape-html set size:7345 disposed:false
104 silly fetch manifest serve-static@^2.2.0
105 silly packumentCache full:https://registry.npmjs.org/serve-static cache-miss
106 http fetch GET 200 https://registry.npmjs.org/body-parser 336ms (cache revalidated)
107 silly packumentCache full:https://registry.npmjs.org/body-parser set size:224273 disposed:false
108 silly fetch manifest cookie-signature@^1.2.1
109 silly packumentCache full:https://registry.npmjs.org/cookie-signature cache-miss
110 http fetch GET 200 https://registry.npmjs.org/http-errors 338ms (cache revalidated)
111 silly packumentCache full:https://registry.npmjs.org/http-errors set size:71987 disposed:false
112 silly fetch manifest merge-descriptors@^2.0.0
113 silly packumentCache full:https://registry.npmjs.org/merge-descriptors cache-miss
114 http fetch GET 200 https://registry.npmjs.org/on-finished 335ms (cache revalidated)
115 silly packumentCache full:https://registry.npmjs.org/on-finished set size:23212 disposed:false
116 silly fetch manifest content-disposition@^1.0.0
117 silly packumentCache full:https://registry.npmjs.org/content-disposition cache-miss
118 http fetch GET 200 https://registry.npmjs.org/content-type 342ms (cache revalidated)
119 silly packumentCache full:https://registry.npmjs.org/content-type set size:18994 disposed:false
120 http fetch GET 200 https://registry.npmjs.org/range-parser 291ms (cache revalidated)
121 silly packumentCache full:https://registry.npmjs.org/range-parser set size:22228 disposed:false
122 http fetch GET 200 https://registry.npmjs.org/cookie-signature 260ms (cache revalidated)
123 silly packumentCache full:https://registry.npmjs.org/cookie-signature set size:21777 disposed:false
124 http fetch GET 200 https://registry.npmjs.org/serve-static 310ms (cache revalidated)
125 silly packumentCache full:https://registry.npmjs.org/serve-static set size:150391 disposed:false
126 http fetch GET 200 https://registry.npmjs.org/content-disposition 258ms (cache revalidated)
127 silly packumentCache full:https://registry.npmjs.org/content-disposition set size:42862 disposed:false
128 http fetch GET 200 https://registry.npmjs.org/finalhandler 582ms (cache revalidated)
129 silly packumentCache full:https://registry.npmjs.org/finalhandler set size:79291 disposed:false
130 http fetch GET 200 https://registry.npmjs.org/merge-descriptors 560ms (cache revalidated)
131 silly packumentCache full:https://registry.npmjs.org/merge-descriptors set size:16527 disposed:false
132 silly placeDep ROOT accepts@2.0.0 OK for: express@5.2.1 want: ^2.0.0
133 silly placeDep ROOT body-parser@2.3.0 OK for: express@5.2.1 want: ^2.2.1
134 silly placeDep ROOT content-disposition@1.1.0 OK for: express@5.2.1 want: ^1.0.0
135 silly placeDep ROOT content-type@1.0.5 OK for: express@5.2.1 want: ^1.0.5
136 silly placeDep ROOT cookie@0.7.2 OK for: express@5.2.1 want: ^0.7.1
137 silly placeDep ROOT cookie-signature@1.2.2 OK for: express@5.2.1 want: ^1.2.1
138 silly placeDep ROOT debug@4.4.3 OK for: express@5.2.1 want: ^4.4.0
139 silly placeDep ROOT depd@2.0.0 OK for: express@5.2.1 want: ^2.0.0
140 silly placeDep ROOT encodeurl@2.0.0 OK for: express@5.2.1 want: ^2.0.0
141 silly placeDep ROOT escape-html@1.0.3 OK for: express@5.2.1 want: ^1.0.3
142 silly placeDep ROOT etag@1.8.1 OK for: express@5.2.1 want: ^1.8.1
143 silly placeDep ROOT finalhandler@2.1.1 OK for: express@5.2.1 want: ^2.1.0
144 silly placeDep ROOT fresh@2.0.0 OK for: express@5.2.1 want: ^2.0.0
145 silly placeDep ROOT http-errors@2.0.1 OK for: express@5.2.1 want: ^2.0.0
146 silly placeDep ROOT merge-descriptors@2.0.0 OK for: express@5.2.1 want: ^2.0.0
147 silly placeDep ROOT mime-types@3.0.2 OK for: express@5.2.1 want: ^3.0.0
148 silly placeDep ROOT on-finished@2.4.1 OK for: express@5.2.1 want: ^2.4.1
149 silly placeDep ROOT once@1.4.0 OK for: express@5.2.1 want: ^1.4.0
150 silly placeDep ROOT parseurl@1.3.3 OK for: express@5.2.1 want: ^1.3.3
151 silly placeDep ROOT proxy-addr@2.0.7 OK for: express@5.2.1 want: ^2.0.7
152 silly placeDep ROOT qs@6.15.2 OK for: express@5.2.1 want: ^6.14.0
153 silly placeDep ROOT range-parser@1.2.1 OK for: express@5.2.1 want: ^1.2.1
154 silly placeDep ROOT router@2.2.0 OK for: express@5.2.1 want: ^2.2.0
155 silly placeDep ROOT send@1.2.1 OK for: express@5.2.1 want: ^1.1.0
156 silly placeDep ROOT serve-static@2.2.1 OK for: express@5.2.1 want: ^2.2.0
157 silly placeDep ROOT statuses@2.0.2 OK for: express@5.2.1 want: ^2.0.1
158 silly placeDep ROOT type-is@2.1.0 OK for: express@5.2.1 want: ^2.0.1
159 silly placeDep ROOT vary@1.1.2 OK for: express@5.2.1 want: ^1.1.2
160 silly fetch manifest negotiator@^1.0.0
161 silly packumentCache full:https://registry.npmjs.org/negotiator cache-miss
162 silly fetch manifest bytes@^3.1.2
163 silly packumentCache full:https://registry.npmjs.org/bytes cache-miss
164 silly fetch manifest content-type@^2.0.0
165 silly packumentCache full:https://registry.npmjs.org/content-type cache-hit
166 silly fetch manifest debug@^4.4.3
167 silly packumentCache full:https://registry.npmjs.org/debug cache-hit
168 silly fetch manifest http-errors@^2.0.1
169 silly packumentCache full:https://registry.npmjs.org/http-errors cache-hit
170 silly fetch manifest iconv-lite@^0.7.2
171 silly packumentCache full:https://registry.npmjs.org/iconv-lite cache-miss
172 silly fetch manifest qs@^6.15.2
173 silly packumentCache full:https://registry.npmjs.org/qs cache-hit
174 silly fetch manifest raw-body@^3.0.2
175 silly packumentCache full:https://registry.npmjs.org/raw-body cache-miss
176 silly fetch manifest type-is@^2.1.0
177 silly packumentCache full:https://registry.npmjs.org/type-is cache-hit
178 silly fetch manifest ms@^2.1.3
179 silly packumentCache full:https://registry.npmjs.org/ms cache-miss
180 silly fetch manifest inherits@~2.0.4
181 silly packumentCache full:https://registry.npmjs.org/inherits cache-miss
182 silly fetch manifest setprototypeof@~1.2.0
183 silly packumentCache full:https://registry.npmjs.org/setprototypeof cache-miss
184 http fetch GET 200 https://registry.npmjs.org/negotiator 429ms (cache revalidated)
185 silly packumentCache full:https://registry.npmjs.org/negotiator set size:48046 disposed:false
186 silly fetch manifest statuses@~2.0.2
187 silly packumentCache full:https://registry.npmjs.org/statuses cache-hit
188 silly fetch manifest toidentifier@~1.0.1
189 silly packumentCache full:https://registry.npmjs.org/toidentifier cache-miss
190 http fetch GET 200 https://registry.npmjs.org/bytes 447ms (cache revalidated)
191 silly packumentCache full:https://registry.npmjs.org/bytes set size:37018 disposed:false
192 silly fetch manifest mime-db@^1.54.0
193 silly packumentCache full:https://registry.npmjs.org/mime-db cache-miss
194 http fetch GET 200 https://registry.npmjs.org/setprototypeof 404ms (cache revalidated)
195 silly packumentCache full:https://registry.npmjs.org/setprototypeof set size:14532 disposed:false
196 silly fetch manifest ee-first@1.1.1
197 silly packumentCache full:https://registry.npmjs.org/ee-first cache-miss
198 http fetch GET 200 https://registry.npmjs.org/raw-body 441ms (cache revalidated)
199 silly packumentCache full:https://registry.npmjs.org/raw-body set size:117822 disposed:false
200 silly fetch manifest wrappy@1
201 silly packumentCache full:https://registry.npmjs.org/wrappy cache-miss
202 http fetch GET 200 https://registry.npmjs.org/inherits 448ms (cache revalidated)
203 silly packumentCache full:https://registry.npmjs.org/inherits set size:12925 disposed:false
204 silly fetch manifest forwarded@0.2.0
205 silly packumentCache full:https://registry.npmjs.org/forwarded cache-miss
206 http fetch GET 200 https://registry.npmjs.org/iconv-lite 506ms (cache revalidated)
207 silly packumentCache full:https://registry.npmjs.org/iconv-lite set size:120557 disposed:false
208 silly fetch manifest ipaddr.js@1.9.1
209 silly packumentCache full:https://registry.npmjs.org/ipaddr.js cache-miss
210 http fetch GET 200 https://registry.npmjs.org/ms 507ms (cache revalidated)
211 silly packumentCache full:https://registry.npmjs.org/ms set size:92208 disposed:false
212 silly fetch manifest side-channel@^1.1.0
213 silly packumentCache full:https://registry.npmjs.org/side-channel cache-miss
214 http fetch GET 200 https://registry.npmjs.org/ee-first 221ms (cache revalidated)
215 silly packumentCache full:https://registry.npmjs.org/ee-first set size:15327 disposed:false
216 silly fetch manifest is-promise@^4.0.0
217 silly packumentCache full:https://registry.npmjs.org/is-promise cache-miss
218 http fetch GET 200 https://registry.npmjs.org/toidentifier 303ms (cache revalidated)
219 silly packumentCache full:https://registry.npmjs.org/toidentifier set size:12006 disposed:false
220 silly fetch manifest path-to-regexp@^8.0.0
221 silly packumentCache full:https://registry.npmjs.org/path-to-regexp cache-miss
222 http fetch GET 200 https://registry.npmjs.org/wrappy 261ms (cache revalidated)
223 silly packumentCache full:https://registry.npmjs.org/wrappy set size:7682 disposed:false
224 silly fetch manifest statuses@^2.0.2
225 silly packumentCache full:https://registry.npmjs.org/statuses cache-hit
226 silly fetch manifest media-typer@^1.1.0
227 silly packumentCache full:https://registry.npmjs.org/media-typer cache-miss
228 http fetch GET 200 https://registry.npmjs.org/mime-db 317ms (cache revalidated)
229 silly packumentCache full:https://registry.npmjs.org/mime-db set size:164953 disposed:false
230 http fetch GET 200 https://registry.npmjs.org/ipaddr.js 298ms (cache revalidated)
231 silly packumentCache full:https://registry.npmjs.org/ipaddr.js set size:69563 disposed:false
232 http fetch GET 200 https://registry.npmjs.org/side-channel 292ms (cache revalidated)
233 silly packumentCache full:https://registry.npmjs.org/side-channel set size:27650 disposed:false
234 http fetch GET 200 https://registry.npmjs.org/forwarded 361ms (cache revalidated)
235 silly packumentCache full:https://registry.npmjs.org/forwarded set size:11229 disposed:false
236 http fetch GET 200 https://registry.npmjs.org/is-promise 217ms (cache revalidated)
237 silly packumentCache full:https://registry.npmjs.org/is-promise set size:18599 disposed:false
238 http fetch GET 200 https://registry.npmjs.org/path-to-regexp 325ms (cache revalidated)
239 silly packumentCache full:https://registry.npmjs.org/path-to-regexp set size:216334 disposed:false
240 http fetch GET 200 https://registry.npmjs.org/media-typer 349ms (cache revalidated)
241 silly packumentCache full:https://registry.npmjs.org/media-typer set size:22678 disposed:false
242 silly placeDep ROOT negotiator@1.0.0 OK for: accepts@2.0.0 want: ^1.0.0
243 silly placeDep ROOT bytes@3.1.2 OK for: body-parser@2.3.0 want: ^3.1.2
244 silly placeDep node_modules/body-parser content-type@2.0.0 OK for: body-parser@2.3.0 want: ^2.0.0
245 silly placeDep ROOT iconv-lite@0.7.2 OK for: body-parser@2.3.0 want: ^0.7.2
246 silly placeDep ROOT raw-body@3.0.2 OK for: body-parser@2.3.0 want: ^3.0.2
247 silly fetch manifest safer-buffer@>= 2.1.2 < 3.0.0
248 silly packumentCache full:https://registry.npmjs.org/safer-buffer cache-miss
249 silly fetch manifest unpipe@~1.0.0
250 silly packumentCache full:https://registry.npmjs.org/unpipe cache-miss
251 http fetch GET 200 https://registry.npmjs.org/unpipe 260ms (cache revalidated)
252 silly packumentCache full:https://registry.npmjs.org/unpipe set size:3609 disposed:false
253 http fetch GET 200 https://registry.npmjs.org/safer-buffer 279ms (cache revalidated)
254 silly packumentCache full:https://registry.npmjs.org/safer-buffer set size:18521 disposed:false
255 silly placeDep ROOT ms@2.1.3 OK for: debug@4.4.3 want: ^2.1.3
256 silly placeDep ROOT inherits@2.0.4 OK for: http-errors@2.0.1 want: ~2.0.4
257 silly placeDep ROOT setprototypeof@1.2.0 OK for: http-errors@2.0.1 want: ~1.2.0
258 silly placeDep ROOT toidentifier@1.0.1 OK for: http-errors@2.0.1 want: ~1.0.1
259 silly placeDep ROOT safer-buffer@2.1.2 OK for: iconv-lite@0.7.2 want: >= 2.1.2 < 3.0.0
260 silly placeDep ROOT mime-db@1.54.0 OK for: mime-types@3.0.2 want: ^1.54.0
261 silly placeDep ROOT ee-first@1.1.1 OK for: on-finished@2.4.1 want: 1.1.1
262 silly placeDep ROOT wrappy@1.0.2 OK for: once@1.4.0 want: 1
263 silly placeDep ROOT forwarded@0.2.0 OK for: proxy-addr@2.0.7 want: 0.2.0
264 silly placeDep ROOT ipaddr.js@1.9.1 OK for: proxy-addr@2.0.7 want: 1.9.1
265 silly placeDep ROOT side-channel@1.1.1 OK for: qs@6.15.2 want: ^1.1.0
266 silly fetch manifest es-errors@^1.3.0
267 silly packumentCache full:https://registry.npmjs.org/es-errors cache-miss
268 silly fetch manifest object-inspect@^1.13.4
269 silly packumentCache full:https://registry.npmjs.org/object-inspect cache-miss
270 silly fetch manifest side-channel-list@^1.0.1
271 silly packumentCache full:https://registry.npmjs.org/side-channel-list cache-miss
272 silly fetch manifest side-channel-map@^1.0.1
273 silly packumentCache full:https://registry.npmjs.org/side-channel-map cache-miss
274 silly fetch manifest side-channel-weakmap@^1.0.2
275 silly packumentCache full:https://registry.npmjs.org/side-channel-weakmap cache-miss
276 http fetch GET 200 https://registry.npmjs.org/side-channel-list 147ms (cache revalidated)
277 silly packumentCache full:https://registry.npmjs.org/side-channel-list set size:9021 disposed:false
278 http fetch GET 200 https://registry.npmjs.org/side-channel-map 153ms (cache revalidated)
279 silly packumentCache full:https://registry.npmjs.org/side-channel-map set size:9126 disposed:false
280 http fetch GET 200 https://registry.npmjs.org/object-inspect 167ms (cache revalidated)
281 silly packumentCache full:https://registry.npmjs.org/object-inspect set size:101912 disposed:false
282 http fetch GET 200 https://registry.npmjs.org/side-channel-weakmap 552ms (cache revalidated)
283 silly packumentCache full:https://registry.npmjs.org/side-channel-weakmap set size:12620 disposed:false
284 http fetch GET 200 https://registry.npmjs.org/es-errors 583ms (cache revalidated)
285 silly packumentCache full:https://registry.npmjs.org/es-errors set size:16918 disposed:false
286 silly placeDep ROOT unpipe@1.0.0 OK for: raw-body@3.0.2 want: ~1.0.0
287 silly placeDep ROOT is-promise@4.0.0 OK for: router@2.2.0 want: ^4.0.0
288 silly placeDep ROOT path-to-regexp@8.4.2 OK for: router@2.2.0 want: ^8.0.0
289 silly placeDep ROOT es-errors@1.3.0 OK for: side-channel@1.1.1 want: ^1.3.0
290 silly placeDep ROOT object-inspect@1.13.4 OK for: side-channel@1.1.1 want: ^1.13.4
291 silly placeDep ROOT side-channel-list@1.0.1 OK for: side-channel@1.1.1 want: ^1.0.1
292 silly placeDep ROOT side-channel-map@1.0.1 OK for: side-channel@1.1.1 want: ^1.0.1
293 silly placeDep ROOT side-channel-weakmap@1.0.2 OK for: side-channel@1.1.1 want: ^1.0.2
294 silly fetch manifest call-bound@^1.0.2
295 silly packumentCache full:https://registry.npmjs.org/call-bound cache-miss
296 silly fetch manifest get-intrinsic@^1.2.5
297 silly packumentCache full:https://registry.npmjs.org/get-intrinsic cache-miss
298 silly fetch manifest call-bound@^1.0.2
299 silly packumentCache full:https://registry.npmjs.org/call-bound cache-miss
300 silly fetch manifest get-intrinsic@^1.2.5
301 silly packumentCache full:https://registry.npmjs.org/get-intrinsic cache-miss
302 http fetch GET 200 https://registry.npmjs.org/get-intrinsic 512ms (cache revalidated)
303 silly packumentCache full:https://registry.npmjs.org/get-intrinsic set size:60985 disposed:false
304 http fetch GET 200 https://registry.npmjs.org/call-bound 535ms (cache revalidated)
305 silly packumentCache full:https://registry.npmjs.org/call-bound set size:15317 disposed:false
306 http fetch GET 200 https://registry.npmjs.org/get-intrinsic 549ms (cache revalidated)
307 silly packumentCache full:https://registry.npmjs.org/get-intrinsic set size:60985 disposed:false
308 silly packumentCache full:https://registry.npmjs.org/get-intrinsic dispose
309 http fetch GET 200 https://registry.npmjs.org/call-bound 566ms (cache revalidated)
310 silly packumentCache full:https://registry.npmjs.org/call-bound set size:15317 disposed:false
311 silly packumentCache full:https://registry.npmjs.org/call-bound dispose
312 silly placeDep ROOT call-bound@1.0.4 OK for: side-channel-map@1.0.1 want: ^1.0.2
313 silly placeDep ROOT get-intrinsic@1.3.0 OK for: side-channel-map@1.0.1 want: ^1.2.5
314 silly fetch manifest call-bind-apply-helpers@^1.0.2
315 silly packumentCache full:https://registry.npmjs.org/call-bind-apply-helpers cache-miss
316 silly fetch manifest get-intrinsic@^1.3.0
317 silly packumentCache full:https://registry.npmjs.org/get-intrinsic cache-hit
318 silly fetch manifest gopd@^1.2.0
319 silly packumentCache full:https://registry.npmjs.org/gopd cache-miss
320 silly fetch manifest hasown@^2.0.2
321 silly packumentCache full:https://registry.npmjs.org/hasown cache-miss
322 silly fetch manifest get-proto@^1.0.1
323 silly packumentCache full:https://registry.npmjs.org/get-proto cache-miss
324 silly fetch manifest has-symbols@^1.1.0
325 silly packumentCache full:https://registry.npmjs.org/has-symbols cache-miss
326 silly fetch manifest function-bind@^1.1.2
327 silly packumentCache full:https://registry.npmjs.org/function-bind cache-miss
328 silly fetch manifest es-object-atoms@^1.1.1
329 silly packumentCache full:https://registry.npmjs.org/es-object-atoms cache-miss
330 http fetch GET 200 https://registry.npmjs.org/has-symbols 197ms (cache revalidated)
331 silly packumentCache full:https://registry.npmjs.org/has-symbols set size:21550 disposed:false
332 silly fetch manifest math-intrinsics@^1.1.0
333 silly packumentCache full:https://registry.npmjs.org/math-intrinsics cache-miss
334 http fetch GET 200 https://registry.npmjs.org/function-bind 211ms (cache revalidated)
335 silly packumentCache full:https://registry.npmjs.org/function-bind set size:15733 disposed:false
336 silly fetch manifest es-define-property@^1.0.1
337 silly packumentCache full:https://registry.npmjs.org/es-define-property cache-miss
338 http fetch GET 200 https://registry.npmjs.org/get-proto 234ms (cache revalidated)
339 silly packumentCache full:https://registry.npmjs.org/get-proto set size:8300 disposed:false
340 silly fetch manifest call-bind-apply-helpers@^1.0.2
341 silly packumentCache full:https://registry.npmjs.org/call-bind-apply-helpers cache-miss
342 http fetch GET 200 https://registry.npmjs.org/hasown 299ms (cache revalidated)
343 silly packumentCache full:https://registry.npmjs.org/hasown set size:18361 disposed:false
344 http fetch GET 200 https://registry.npmjs.org/gopd 315ms (cache revalidated)
345 silly packumentCache full:https://registry.npmjs.org/gopd set size:11458 disposed:false
346 http fetch GET 200 https://registry.npmjs.org/call-bind-apply-helpers 334ms (cache revalidated)
347 silly packumentCache full:https://registry.npmjs.org/call-bind-apply-helpers set size:12744 disposed:false
348 http fetch GET 200 https://registry.npmjs.org/es-object-atoms 322ms (cache revalidated)
349 silly packumentCache full:https://registry.npmjs.org/es-object-atoms set size:18278 disposed:false
350 http fetch GET 200 https://registry.npmjs.org/call-bind-apply-helpers 165ms (cache revalidated)
351 silly packumentCache full:https://registry.npmjs.org/call-bind-apply-helpers set size:12744 disposed:false
352 silly packumentCache full:https://registry.npmjs.org/call-bind-apply-helpers dispose
353 http fetch GET 200 https://registry.npmjs.org/math-intrinsics 289ms (cache revalidated)
354 silly packumentCache full:https://registry.npmjs.org/math-intrinsics set size:9265 disposed:false
355 http fetch GET 200 https://registry.npmjs.org/es-define-property 282ms (cache revalidated)
356 silly packumentCache full:https://registry.npmjs.org/es-define-property set size:8542 disposed:false
357 silly placeDep ROOT call-bind-apply-helpers@1.0.2 OK for: call-bound@1.0.4 want: ^1.0.2
358 silly placeDep ROOT function-bind@1.1.2 OK for: call-bind-apply-helpers@1.0.2 want: ^1.1.2
359 silly placeDep ROOT es-define-property@1.0.1 OK for: get-intrinsic@1.3.0 want: ^1.0.1
360 silly placeDep ROOT es-object-atoms@1.1.2 OK for: get-intrinsic@1.3.0 want: ^1.1.1
361 silly placeDep ROOT get-proto@1.0.1 OK for: get-intrinsic@1.3.0 want: ^1.0.1
362 silly placeDep ROOT gopd@1.2.0 OK for: get-intrinsic@1.3.0 want: ^1.2.0
363 silly placeDep ROOT has-symbols@1.1.0 OK for: get-intrinsic@1.3.0 want: ^1.1.0
364 silly placeDep ROOT hasown@2.0.4 OK for: get-intrinsic@1.3.0 want: ^2.0.2
365 silly placeDep ROOT math-intrinsics@1.1.0 OK for: get-intrinsic@1.3.0 want: ^1.1.0
366 silly fetch manifest dunder-proto@^1.0.1
367 silly packumentCache full:https://registry.npmjs.org/dunder-proto cache-miss
368 http fetch GET 200 https://registry.npmjs.org/dunder-proto 242ms (cache revalidated)
369 silly packumentCache full:https://registry.npmjs.org/dunder-proto set size:8256 disposed:false
370 silly placeDep ROOT dunder-proto@1.0.1 OK for: get-proto@1.0.1 want: ^1.0.1
371 silly placeDep node_modules/type-is content-type@2.0.0 OK for: type-is@2.1.0 want: ^2.0.0
372 silly placeDep ROOT media-typer@1.1.0 OK for: type-is@2.1.0 want: ^1.1.0
373 silly reify moves {}
374 silly audit bulk request {
374 silly audit   express: [ '5.2.1' ],
374 silly audit   accepts: [ '2.0.0' ],
374 silly audit   'body-parser': [ '2.3.0' ],
374 silly audit   'content-disposition': [ '1.1.0' ],
374 silly audit   'content-type': [ '1.0.5', '2.0.0' ],
374 silly audit   cookie: [ '0.7.2' ],
374 silly audit   'cookie-signature': [ '1.2.2' ],
374 silly audit   debug: [ '4.4.3' ],
374 silly audit   depd: [ '2.0.0' ],
374 silly audit   encodeurl: [ '2.0.0' ],
374 silly audit   'escape-html': [ '1.0.3' ],
374 silly audit   etag: [ '1.8.1' ],
374 silly audit   finalhandler: [ '2.1.1' ],
374 silly audit   fresh: [ '2.0.0' ],
374 silly audit   'http-errors': [ '2.0.1' ],
374 silly audit   'merge-descriptors': [ '2.0.0' ],
374 silly audit   'mime-types': [ '3.0.2' ],
374 silly audit   'on-finished': [ '2.4.1' ],
374 silly audit   once: [ '1.4.0' ],
374 silly audit   parseurl: [ '1.3.3' ],
374 silly audit   'proxy-addr': [ '2.0.7' ],
374 silly audit   qs: [ '6.15.2' ],
374 silly audit   'range-parser': [ '1.2.1' ],
374 silly audit   router: [ '2.2.0' ],
374 silly audit   send: [ '1.2.1' ],
374 silly audit   'serve-static': [ '2.2.1' ],
374 silly audit   statuses: [ '2.0.2' ],
374 silly audit   'type-is': [ '2.1.0' ],
374 silly audit   vary: [ '1.1.2' ],
374 silly audit   negotiator: [ '1.0.0' ],
374 silly audit   bytes: [ '3.1.2' ],
374 silly audit   'iconv-lite': [ '0.7.2' ],
374 silly audit   'raw-body': [ '3.0.2' ],
374 silly audit   ms: [ '2.1.3' ],
374 silly audit   inherits: [ '2.0.4' ],
374 silly audit   setprototypeof: [ '1.2.0' ],
374 silly audit   toidentifier: [ '1.0.1' ],
374 silly audit   'safer-buffer': [ '2.1.2' ],
374 silly audit   'mime-db': [ '1.54.0' ],
374 silly audit   'ee-first': [ '1.1.1' ],
374 silly audit   wrappy: [ '1.0.2' ],
374 silly audit   forwarded: [ '0.2.0' ],
374 silly audit   'ipaddr.js': [ '1.9.1' ],
374 silly audit   'side-channel': [ '1.1.1' ],
374 silly audit   unpipe: [ '1.0.0' ],
374 silly audit   'is-promise': [ '4.0.0' ],
374 silly audit   'path-to-regexp': [ '8.4.2' ],
374 silly audit   'es-errors': [ '1.3.0' ],
374 silly audit   'object-inspect': [ '1.13.4' ],
374 silly audit   'side-channel-list': [ '1.0.1' ],
374 silly audit   'side-channel-map': [ '1.0.1' ],
374 silly audit   'side-channel-weakmap': [ '1.0.2' ],
374 silly audit   'call-bound': [ '1.0.4' ],
374 silly audit   'get-intrinsic': [ '1.3.0' ],
374 silly audit   'call-bind-apply-helpers': [ '1.0.2' ],
374 silly audit   'function-bind': [ '1.1.2' ],
374 silly audit   'es-define-property': [ '1.0.1' ],
374 silly audit   'es-object-atoms': [ '1.1.2' ],
374 silly audit   'get-proto': [ '1.0.1' ],
374 silly audit   gopd: [ '1.2.0' ],
374 silly audit   'has-symbols': [ '1.1.0' ],
374 silly audit   hasown: [ '2.0.4' ],
374 silly audit   'math-intrinsics': [ '1.1.0' ],
374 silly audit   'dunder-proto': [ '1.0.1' ],
374 silly audit   'media-typer': [ '1.1.0' ]
374 silly audit }
375 http cache dunder-proto@https://registry.npmjs.org/dunder-proto/-/dunder-proto-1.0.1.tgz 0ms (cache hit)
376 http cache media-typer@https://registry.npmjs.org/media-typer/-/media-typer-1.1.0.tgz 0ms (cache hit)
377 http cache math-intrinsics@https://registry.npmjs.org/math-intrinsics/-/math-intrinsics-1.1.0.tgz 0ms (cache hit)
378 http cache hasown@https://registry.npmjs.org/hasown/-/hasown-2.0.4.tgz 1ms (cache hit)
379 http cache has-symbols@https://registry.npmjs.org/has-symbols/-/has-symbols-1.1.0.tgz 0ms (cache hit)
380 http cache gopd@https://registry.npmjs.org/gopd/-/gopd-1.2.0.tgz 0ms (cache hit)
381 http cache get-proto@https://registry.npmjs.org/get-proto/-/get-proto-1.0.1.tgz 0ms (cache hit)
382 http cache es-object-atoms@https://registry.npmjs.org/es-object-atoms/-/es-object-atoms-1.1.2.tgz 0ms (cache hit)
383 http cache es-define-property@https://registry.npmjs.org/es-define-property/-/es-define-property-1.0.1.tgz 0ms (cache hit)
384 http cache function-bind@https://registry.npmjs.org/function-bind/-/function-bind-1.1.2.tgz 0ms (cache hit)
385 http cache call-bind-apply-helpers@https://registry.npmjs.org/call-bind-apply-helpers/-/call-bind-apply-helpers-1.0.2.tgz 0ms (cache hit)
386 http cache get-intrinsic@https://registry.npmjs.org/get-intrinsic/-/get-intrinsic-1.3.0.tgz 0ms (cache hit)
387 http cache call-bound@https://registry.npmjs.org/call-bound/-/call-bound-1.0.4.tgz 0ms (cache hit)
388 http cache side-channel-map@https://registry.npmjs.org/side-channel-map/-/side-channel-map-1.0.1.tgz 0ms (cache hit)
389 http cache side-channel-list@https://registry.npmjs.org/side-channel-list/-/side-channel-list-1.0.1.tgz 1ms (cache hit)
390 http cache es-errors@https://registry.npmjs.org/es-errors/-/es-errors-1.3.0.tgz 0ms (cache hit)
391 http cache object-inspect@https://registry.npmjs.org/object-inspect/-/object-inspect-1.13.4.tgz 0ms (cache hit)
392 http cache side-channel-weakmap@https://registry.npmjs.org/side-channel-weakmap/-/side-channel-weakmap-1.0.2.tgz 0ms (cache hit)
393 http cache path-to-regexp@https://registry.npmjs.org/path-to-regexp/-/path-to-regexp-8.4.2.tgz 0ms (cache hit)
394 http cache unpipe@https://registry.npmjs.org/unpipe/-/unpipe-1.0.0.tgz 0ms (cache hit)
395 http cache is-promise@https://registry.npmjs.org/is-promise/-/is-promise-4.0.0.tgz 1ms (cache hit)
396 http cache side-channel@https://registry.npmjs.org/side-channel/-/side-channel-1.1.1.tgz 0ms (cache hit)
397 http cache ipaddr.js@https://registry.npmjs.org/ipaddr.js/-/ipaddr.js-1.9.1.tgz 1ms (cache hit)
398 http cache ee-first@https://registry.npmjs.org/ee-first/-/ee-first-1.1.1.tgz 0ms (cache hit)
399 http cache forwarded@https://registry.npmjs.org/forwarded/-/forwarded-0.2.0.tgz 0ms (cache hit)
400 http cache wrappy@https://registry.npmjs.org/wrappy/-/wrappy-1.0.2.tgz 0ms (cache hit)
401 http cache safer-buffer@https://registry.npmjs.org/safer-buffer/-/safer-buffer-2.1.2.tgz 0ms (cache hit)
402 http cache toidentifier@https://registry.npmjs.org/toidentifier/-/toidentifier-1.0.1.tgz 0ms (cache hit)
403 http cache setprototypeof@https://registry.npmjs.org/setprototypeof/-/setprototypeof-1.2.0.tgz 0ms (cache hit)
404 http cache inherits@https://registry.npmjs.org/inherits/-/inherits-2.0.4.tgz 0ms (cache hit)
405 http cache raw-body@https://registry.npmjs.org/raw-body/-/raw-body-3.0.2.tgz 0ms (cache hit)
406 http cache ms@https://registry.npmjs.org/ms/-/ms-2.1.3.tgz 0ms (cache hit)
407 http cache negotiator@https://registry.npmjs.org/negotiator/-/negotiator-1.0.0.tgz 0ms (cache hit)
408 http cache bytes@https://registry.npmjs.org/bytes/-/bytes-3.1.2.tgz 1ms (cache hit)
409 http cache vary@https://registry.npmjs.org/vary/-/vary-1.1.2.tgz 0ms (cache hit)
410 http cache type-is@https://registry.npmjs.org/type-is/-/type-is-2.1.0.tgz 1ms (cache hit)
411 http cache serve-static@https://registry.npmjs.org/serve-static/-/serve-static-2.2.1.tgz 0ms (cache hit)
412 http cache send@https://registry.npmjs.org/send/-/send-1.2.1.tgz 0ms (cache hit)
413 http cache router@https://registry.npmjs.org/router/-/router-2.2.0.tgz 0ms (cache hit)
414 http cache range-parser@https://registry.npmjs.org/range-parser/-/range-parser-1.2.1.tgz 0ms (cache hit)
415 http cache qs@https://registry.npmjs.org/qs/-/qs-6.15.2.tgz 0ms (cache hit)
416 http cache proxy-addr@https://registry.npmjs.org/proxy-addr/-/proxy-addr-2.0.7.tgz 0ms (cache hit)
417 http cache statuses@https://registry.npmjs.org/statuses/-/statuses-2.0.2.tgz 0ms (cache hit)
418 http cache parseurl@https://registry.npmjs.org/parseurl/-/parseurl-1.3.3.tgz 0ms (cache hit)
419 http cache once@https://registry.npmjs.org/once/-/once-1.4.0.tgz 0ms (cache hit)
420 http cache on-finished@https://registry.npmjs.org/on-finished/-/on-finished-2.4.1.tgz 0ms (cache hit)
421 http cache iconv-lite@https://registry.npmjs.org/iconv-lite/-/iconv-lite-0.7.2.tgz 0ms (cache hit)
422 http cache mime-types@https://registry.npmjs.org/mime-types/-/mime-types-3.0.2.tgz 0ms (cache hit)
423 http cache merge-descriptors@https://registry.npmjs.org/merge-descriptors/-/merge-descriptors-2.0.0.tgz 0ms (cache hit)
424 http cache fresh@https://registry.npmjs.org/fresh/-/fresh-2.0.0.tgz 0ms (cache hit)
425 http cache http-errors@https://registry.npmjs.org/http-errors/-/http-errors-2.0.1.tgz 0ms (cache hit)
426 http cache finalhandler@https://registry.npmjs.org/finalhandler/-/finalhandler-2.1.1.tgz 1ms (cache hit)
427 http cache etag@https://registry.npmjs.org/etag/-/etag-1.8.1.tgz 0ms (cache hit)
428 http cache mime-db@https://registry.npmjs.org/mime-db/-/mime-db-1.54.0.tgz 0ms (cache hit)
429 http cache escape-html@https://registry.npmjs.org/escape-html/-/escape-html-1.0.3.tgz 1ms (cache hit)
430 http cache encodeurl@https://registry.npmjs.org/encodeurl/-/encodeurl-2.0.0.tgz 0ms (cache hit)
431 http cache depd@https://registry.npmjs.org/depd/-/depd-2.0.0.tgz 0ms (cache hit)
432 http cache cookie@https://registry.npmjs.org/cookie/-/cookie-0.7.2.tgz 0ms (cache hit)
433 http cache cookie-signature@https://registry.npmjs.org/cookie-signature/-/cookie-signature-1.2.2.tgz 0ms (cache hit)
434 http cache debug@https://registry.npmjs.org/debug/-/debug-4.4.3.tgz 0ms (cache hit)
435 http cache content-type@https://registry.npmjs.org/content-type/-/content-type-1.0.5.tgz 1ms (cache hit)
436 http cache body-parser@https://registry.npmjs.org/body-parser/-/body-parser-2.3.0.tgz 0ms (cache hit)
437 http cache content-disposition@https://registry.npmjs.org/content-disposition/-/content-disposition-1.1.0.tgz 0ms (cache hit)
438 http cache accepts@https://registry.npmjs.org/accepts/-/accepts-2.0.0.tgz 1ms (cache hit)
439 http cache express@https://registry.npmjs.org/express/-/express-5.2.1.tgz 0ms (cache hit)
440 http cache content-type@https://registry.npmjs.org/content-type/-/content-type-2.0.0.tgz 0ms (cache hit)
441 http cache content-type@https://registry.npmjs.org/content-type/-/content-type-2.0.0.tgz 0ms (cache hit)
442 http fetch POST 200 https://registry.npmjs.org/-/npm/v1/security/advisories/bulk 1137ms
443 silly audit report {}
444 silly ADD node_modules/media-typer
445 silly ADD node_modules/dunder-proto
446 silly ADD node_modules/math-intrinsics
447 silly ADD node_modules/hasown
448 silly ADD node_modules/has-symbols
449 silly ADD node_modules/gopd
450 silly ADD node_modules/get-proto
451 silly ADD node_modules/es-object-atoms
452 silly ADD node_modules/es-define-property
453 silly ADD node_modules/function-bind
454 silly ADD node_modules/call-bind-apply-helpers
455 silly ADD node_modules/get-intrinsic
456 silly ADD node_modules/call-bound
457 silly ADD node_modules/side-channel-weakmap
458 silly ADD node_modules/side-channel-map
459 silly ADD node_modules/side-channel-list
460 silly ADD node_modules/object-inspect
461 silly ADD node_modules/es-errors
462 silly ADD node_modules/path-to-regexp
463 silly ADD node_modules/is-promise
464 silly ADD node_modules/unpipe
465 silly ADD node_modules/side-channel
466 silly ADD node_modules/ipaddr.js
467 silly ADD node_modules/forwarded
468 silly ADD node_modules/wrappy
469 silly ADD node_modules/ee-first
470 silly ADD node_modules/mime-db
471 silly ADD node_modules/safer-buffer
472 silly ADD node_modules/toidentifier
473 silly ADD node_modules/setprototypeof
474 silly ADD node_modules/inherits
475 silly ADD node_modules/ms
476 silly ADD node_modules/raw-body
477 silly ADD node_modules/iconv-lite
478 silly ADD node_modules/bytes
479 silly ADD node_modules/negotiator
480 silly ADD node_modules/vary
481 silly ADD node_modules/type-is
482 silly ADD node_modules/type-is/node_modules/content-type
483 silly ADD node_modules/statuses
484 silly ADD node_modules/serve-static
485 silly ADD node_modules/send
486 silly ADD node_modules/router
487 silly ADD node_modules/range-parser
488 silly ADD node_modules/qs
489 silly ADD node_modules/proxy-addr
490 silly ADD node_modules/parseurl
491 silly ADD node_modules/once
492 silly ADD node_modules/on-finished
493 silly ADD node_modules/mime-types
494 silly ADD node_modules/merge-descriptors
495 silly ADD node_modules/http-errors
496 silly ADD node_modules/fresh
497 silly ADD node_modules/finalhandler
498 silly ADD node_modules/etag
499 silly ADD node_modules/escape-html
500 silly ADD node_modules/encodeurl
501 silly ADD node_modules/depd
502 silly ADD node_modules/debug
503 silly ADD node_modules/cookie-signature
504 silly ADD node_modules/cookie
505 silly ADD node_modules/content-type
506 silly ADD node_modules/content-disposition
507 silly ADD node_modules/body-parser
508 silly ADD node_modules/body-parser/node_modules/content-type
509 silly ADD node_modules/accepts
510 silly ADD node_modules/express
511 verbose cwd /data/data/com.termux/files/home/programadores-para-la-paz/semana9
512 verbose os Linux 4.19.191-27193134-abA037MUBSBCYE1
513 verbose node v26.2.0
514 verbose npm  v11.17.0
515 verbose exit 0
516 info ok
